2026-02-16 11:38:38 [SHAKTI_BAZAAR] DEBUG - 
    create table product_inventory (
        product_id bigint not null,
        buy_date datetime(6),
        buy_price bigint,
        expiry_date datetime(6),
        product_name varchar(255),
        selling_price bigint,
        type json,
        primary key (product_id)
    ) engine=InnoDB
2026-02-16 16:38:45 [SHAKTI_BAZAAR] DEBUG - 
    alter table product_inventory 
       add column category enum ('COSMETICS','ELECTRONICS','GROCERY','KIRANA','MEDICAL') not null
2026-02-16 16:38:45 [SHAKTI_BAZAAR] DEBUG - 
    alter table product_inventory 
       add column version bigint
2026-02-16 16:38:45 [SHAKTI_BAZAAR] DEBUG - 
    create index idx_product_name 
       on product_inventory (product_name)
2026-02-16 16:38:46 [SHAKTI_BAZAAR] DEBUG - 
    create index idx_category 
       on product_inventory (category)
2026-02-16 16:38:46 [SHAKTI_BAZAAR] DEBUG - 
    alter table product_inventory 
       drop index UKl154b1a0yw71kqwmhrm0c1liy
2026-02-16 16:38:46 [SHAKTI_BAZAAR] DEBUG - 
    alter table product_inventory 
       add constraint UKl154b1a0yw71kqwmhrm0c1liy unique (product_name)
2026-02-16 19:22:25 [SHAKTI_BAZAAR] DEBUG - 
    select
        pi1_0.product_id,
        pi1_0.buy_date,
        pi1_0.buy_price,
        pi1_0.category,
        pi1_0.expiry_date,
        pi1_0.product_name,
        pi1_0.selling_price,
        pi1_0.type,
        pi1_0.version 
    from
        product_inventory pi1_0 
    where
        upper(pi1_0.product_name)=upper(?)
2026-02-16 19:25:32 [SHAKTI_BAZAAR] DEBUG - 
    select
        pi1_0.product_id,
        pi1_0.buy_date,
        pi1_0.buy_price,
        pi1_0.category,
        pi1_0.expiry_date,
        pi1_0.product_name,
        pi1_0.selling_price,
        pi1_0.type,
        pi1_0.version 
    from
        product_inventory pi1_0 
    where
        upper(pi1_0.product_name)=upper(?)
2026-02-16 19:25:32 [SHAKTI_BAZAAR] DEBUG - 
    insert 
    into
        product_inventory
        (buy_date, buy_price, category, expiry_date, product_name, selling_price, type, version) 
    values
        (?, ?, ?, ?, ?, ?, cast(? as json), ?)
2026-02-16 19:32:46 [SHAKTI_BAZAAR] DEBUG - 
    drop table if exists product_inventory
2026-02-16 19:32:46 [SHAKTI_BAZAAR] DEBUG - 
    drop table if exists user
2026-02-16 19:32:46 [SHAKTI_BAZAAR] DEBUG - 
    drop table if exists user_seq
2026-02-16 19:32:46 [SHAKTI_BAZAAR] DEBUG - 
    create table product_inventory (
        buy_date datetime(6),
        buy_price bigint,
        expiry_date datetime(6),
        product_id bigint not null auto_increment,
        selling_price bigint,
        version bigint,
        product_name varchar(255),
        category enum ('COSMETICS','ELECTRONICS','GROCERY','KIRANA','MEDICAL') not null,
        type json,
        primary key (product_id)
    ) engine=InnoDB
2026-02-16 19:32:46 [SHAKTI_BAZAAR] DEBUG - 
    create table user (
        created_at datetime(6) not null,
        updated_at datetime(6) not null,
        user_id bigint not null,
        address varchar(255),
        email_id varchar(255),
        first_name varchar(255),
        last_name varchar(255),
        mobile_number varchar(255),
        password varchar(255),
        role varchar(255),
        user_name varchar(255),
        primary key (user_id)
    ) engine=InnoDB
2026-02-16 19:32:46 [SHAKTI_BAZAAR] DEBUG - 
    create table user_seq (
        next_val bigint
    ) engine=InnoDB
2026-02-16 19:32:46 [SHAKTI_BAZAAR] DEBUG - 
    insert into user_seq ( next_val ) values ( 1 )
2026-02-16 19:32:46 [SHAKTI_BAZAAR] DEBUG - 
    create index idx_product_name 
       on product_inventory (product_name)
2026-02-16 19:32:47 [SHAKTI_BAZAAR] DEBUG - 
    create index idx_category 
       on product_inventory (category)
2026-02-16 19:32:47 [SHAKTI_BAZAAR] DEBUG - 
    alter table product_inventory 
       add constraint UKl154b1a0yw71kqwmhrm0c1liy unique (product_name)
2026-02-16 19:32:55 [SHAKTI_BAZAAR] DEBUG - 
    select
        pi1_0.product_id,
        pi1_0.buy_date,
        pi1_0.buy_price,
        pi1_0.category,
        pi1_0.expiry_date,
        pi1_0.product_name,
        pi1_0.selling_price,
        pi1_0.type,
        pi1_0.version 
    from
        product_inventory pi1_0 
    where
        upper(pi1_0.product_name)=upper(?)
2026-02-16 19:32:55 [SHAKTI_BAZAAR] DEBUG - 
    insert 
    into
        product_inventory
        (buy_date, buy_price, category, expiry_date, product_name, selling_price, type, version) 
    values
        (?, ?, ?, ?, ?, ?, cast(? as json), ?)
2026-02-16 19:38:02 [SHAKTI_BAZAAR] DEBUG - 
    drop table if exists product_inventory
2026-02-16 19:38:02 [SHAKTI_BAZAAR] DEBUG - 
    drop table if exists user
2026-02-16 19:38:02 [SHAKTI_BAZAAR] DEBUG - 
    drop table if exists user_seq
2026-02-16 19:38:02 [SHAKTI_BAZAAR] DEBUG - 
    create table product_inventory (
        buy_date datetime(6) not null,
        buy_price bigint,
        expiry_date datetime(6) not null,
        product_id bigint not null auto_increment,
        selling_price bigint,
        version bigint,
        product_name varchar(255),
        category enum ('COSMETICS','ELECTRONICS','GROCERY','KIRANA','MEDICAL') not null,
        type json,
        primary key (product_id)
    ) engine=InnoDB
2026-02-16 19:38:02 [SHAKTI_BAZAAR] DEBUG - 
    create table user (
        created_at datetime(6) not null,
        updated_at datetime(6) not null,
        user_id bigint not null,
        address varchar(255),
        email_id varchar(255),
        first_name varchar(255),
        last_name varchar(255),
        mobile_number varchar(255),
        password varchar(255),
        role varchar(255),
        user_name varchar(255),
        primary key (user_id)
    ) engine=InnoDB
2026-02-16 19:38:02 [SHAKTI_BAZAAR] DEBUG - 
    create table user_seq (
        next_val bigint
    ) engine=InnoDB
2026-02-16 19:38:02 [SHAKTI_BAZAAR] DEBUG - 
    insert into user_seq ( next_val ) values ( 1 )
2026-02-16 19:38:02 [SHAKTI_BAZAAR] DEBUG - 
    create index idx_product_name 
       on product_inventory (product_name)
2026-02-16 19:38:02 [SHAKTI_BAZAAR] DEBUG - 
    create index idx_category 
       on product_inventory (category)
2026-02-16 19:38:02 [SHAKTI_BAZAAR] DEBUG - 
    alter table product_inventory 
       add constraint UKl154b1a0yw71kqwmhrm0c1liy unique (product_name)
2026-02-16 19:38:15 [SHAKTI_BAZAAR] DEBUG - 
    select
        pi1_0.product_id,
        pi1_0.buy_date,
        pi1_0.buy_price,
        pi1_0.category,
        pi1_0.expiry_date,
        pi1_0.product_name,
        pi1_0.selling_price,
        pi1_0.type,
        pi1_0.version 
    from
        product_inventory pi1_0 
    where
        upper(pi1_0.product_name)=upper(?)
2026-02-16 19:39:49 [SHAKTI_BAZAAR] DEBUG - 
    drop table if exists product_inventory
2026-02-16 19:39:49 [SHAKTI_BAZAAR] DEBUG - 
    drop table if exists user
2026-02-16 19:39:49 [SHAKTI_BAZAAR] DEBUG - 
    drop table if exists user_seq
2026-02-16 19:39:49 [SHAKTI_BAZAAR] DEBUG - 
    create table product_inventory (
        buy_date datetime(6) not null,
        buy_price bigint,
        expiry_date datetime(6) not null,
        product_id bigint not null auto_increment,
        selling_price bigint,
        version bigint,
        product_name varchar(255),
        category enum ('COSMETICS','ELECTRONICS','GROCERY','KIRANA','MEDICAL') not null,
        type json,
        primary key (product_id)
    ) engine=InnoDB
2026-02-16 19:39:49 [SHAKTI_BAZAAR] DEBUG - 
    create table user (
        created_at datetime(6) not null,
        updated_at datetime(6) not null,
        user_id bigint not null,
        address varchar(255),
        email_id varchar(255),
        first_name varchar(255),
        last_name varchar(255),
        mobile_number varchar(255),
        password varchar(255),
        role varchar(255),
        user_name varchar(255),
        primary key (user_id)
    ) engine=InnoDB
2026-02-16 19:39:49 [SHAKTI_BAZAAR] DEBUG - 
    create table user_seq (
        next_val bigint
    ) engine=InnoDB
2026-02-16 19:39:49 [SHAKTI_BAZAAR] DEBUG - 
    insert into user_seq ( next_val ) values ( 1 )
2026-02-16 19:39:49 [SHAKTI_BAZAAR] DEBUG - 
    create index idx_product_name 
       on product_inventory (product_name)
2026-02-16 19:39:49 [SHAKTI_BAZAAR] DEBUG - 
    create index idx_category 
       on product_inventory (category)
2026-02-16 19:39:49 [SHAKTI_BAZAAR] DEBUG - 
    alter table product_inventory 
       add constraint UKl154b1a0yw71kqwmhrm0c1liy unique (product_name)
2026-02-16 19:40:10 [SHAKTI_BAZAAR] DEBUG - 
    select
        pi1_0.product_id,
        pi1_0.buy_date,
        pi1_0.buy_price,
        pi1_0.category,
        pi1_0.expiry_date,
        pi1_0.product_name,
        pi1_0.selling_price,
        pi1_0.type,
        pi1_0.version 
    from
        product_inventory pi1_0 
    where
        upper(pi1_0.product_name)=upper(?)
2026-02-16 19:40:41 [SHAKTI_BAZAAR] DEBUG - 
    drop table if exists product_inventory
2026-02-16 19:40:41 [SHAKTI_BAZAAR] DEBUG - 
    drop table if exists user
2026-02-16 19:40:41 [SHAKTI_BAZAAR] DEBUG - 
    drop table if exists user_seq
2026-02-16 19:40:41 [SHAKTI_BAZAAR] DEBUG - 
    create table product_inventory (
        buy_date datetime(6) not null,
        buy_price bigint,
        expiry_date datetime(6) not null,
        product_id bigint not null auto_increment,
        selling_price bigint,
        version bigint,
        product_name varchar(255),
        category enum ('COSMETICS','ELECTRONICS','GROCERY','KIRANA','MEDICAL') not null,
        type json,
        primary key (product_id)
    ) engine=InnoDB
2026-02-16 19:40:41 [SHAKTI_BAZAAR] DEBUG - 
    create table user (
        created_at datetime(6) not null,
        updated_at datetime(6) not null,
        user_id bigint not null,
        address varchar(255),
        email_id varchar(255),
        first_name varchar(255),
        last_name varchar(255),
        mobile_number varchar(255),
        password varchar(255),
        role varchar(255),
        user_name varchar(255),
        primary key (user_id)
    ) engine=InnoDB
2026-02-16 19:40:41 [SHAKTI_BAZAAR] DEBUG - 
    create table user_seq (
        next_val bigint
    ) engine=InnoDB
2026-02-16 19:40:41 [SHAKTI_BAZAAR] DEBUG - 
    insert into user_seq ( next_val ) values ( 1 )
2026-02-16 19:40:41 [SHAKTI_BAZAAR] DEBUG - 
    create index idx_product_name 
       on product_inventory (product_name)
2026-02-16 19:40:41 [SHAKTI_BAZAAR] DEBUG - 
    create index idx_category 
       on product_inventory (category)
2026-02-16 19:40:41 [SHAKTI_BAZAAR] DEBUG - 
    alter table product_inventory 
       add constraint UKl154b1a0yw71kqwmhrm0c1liy unique (product_name)
2026-02-16 19:40:51 [SHAKTI_BAZAAR] DEBUG - 
    select
        pi1_0.product_id,
        pi1_0.buy_date,
        pi1_0.buy_price,
        pi1_0.category,
        pi1_0.expiry_date,
        pi1_0.product_name,
        pi1_0.selling_price,
        pi1_0.type,
        pi1_0.version 
    from
        product_inventory pi1_0 
    where
        upper(pi1_0.product_name)=upper(?)
2026-02-16 19:41:39 [SHAKTI_BAZAAR] DEBUG - 
    drop table if exists product_inventory
2026-02-16 19:41:39 [SHAKTI_BAZAAR] DEBUG - 
    drop table if exists user
2026-02-16 19:41:39 [SHAKTI_BAZAAR] DEBUG - 
    drop table if exists user_seq
2026-02-16 19:41:39 [SHAKTI_BAZAAR] DEBUG - 
    create table product_inventory (
        buy_date datetime(6) not null,
        buy_price bigint,
        expiry_date datetime(6) not null,
        product_id bigint not null auto_increment,
        selling_price bigint,
        version bigint,
        product_name varchar(255),
        category enum ('COSMETICS','ELECTRONICS','GROCERY','KIRANA','MEDICAL') not null,
        type json,
        primary key (product_id)
    ) engine=InnoDB
2026-02-16 19:41:39 [SHAKTI_BAZAAR] DEBUG - 
    create table user (
        created_at datetime(6) not null,
        updated_at datetime(6) not null,
        user_id bigint not null,
        address varchar(255),
        email_id varchar(255),
        first_name varchar(255),
        last_name varchar(255),
        mobile_number varchar(255),
        password varchar(255),
        role varchar(255),
        user_name varchar(255),
        primary key (user_id)
    ) engine=InnoDB
2026-02-16 19:41:39 [SHAKTI_BAZAAR] DEBUG - 
    create table user_seq (
        next_val bigint
    ) engine=InnoDB
2026-02-16 19:41:39 [SHAKTI_BAZAAR] DEBUG - 
    insert into user_seq ( next_val ) values ( 1 )
2026-02-16 19:41:39 [SHAKTI_BAZAAR] DEBUG - 
    create index idx_product_name 
       on product_inventory (product_name)
2026-02-16 19:41:39 [SHAKTI_BAZAAR] DEBUG - 
    create index idx_category 
       on product_inventory (category)
2026-02-16 19:41:39 [SHAKTI_BAZAAR] DEBUG - 
    alter table product_inventory 
       add constraint UKl154b1a0yw71kqwmhrm0c1liy unique (product_name)
2026-02-16 19:41:57 [SHAKTI_BAZAAR] DEBUG - 
    select
        pi1_0.product_id,
        pi1_0.buy_date,
        pi1_0.buy_price,
        pi1_0.category,
        pi1_0.expiry_date,
        pi1_0.product_name,
        pi1_0.selling_price,
        pi1_0.type,
        pi1_0.version 
    from
        product_inventory pi1_0 
    where
        upper(pi1_0.product_name)=upper(?)
2026-02-16 19:43:27 [SHAKTI_BAZAAR] DEBUG - 
    drop table if exists product_inventory
2026-02-16 19:43:27 [SHAKTI_BAZAAR] DEBUG - 
    drop table if exists user
2026-02-16 19:43:27 [SHAKTI_BAZAAR] DEBUG - 
    drop table if exists user_seq
2026-02-16 19:43:27 [SHAKTI_BAZAAR] DEBUG - 
    create table product_inventory (
        buy_date datetime(6) not null,
        buy_price bigint,
        expiry_date datetime(6) not null,
        product_id bigint not null auto_increment,
        selling_price bigint,
        version bigint,
        product_name varchar(255),
        category enum ('COSMETICS','ELECTRONICS','GROCERY','KIRANA','MEDICAL') not null,
        type json,
        primary key (product_id)
    ) engine=InnoDB
2026-02-16 19:43:27 [SHAKTI_BAZAAR] DEBUG - 
    create table user (
        created_at datetime(6) not null,
        updated_at datetime(6) not null,
        user_id bigint not null,
        address varchar(255),
        email_id varchar(255),
        first_name varchar(255),
        last_name varchar(255),
        mobile_number varchar(255),
        password varchar(255),
        role varchar(255),
        user_name varchar(255),
        primary key (user_id)
    ) engine=InnoDB
2026-02-16 19:43:27 [SHAKTI_BAZAAR] DEBUG - 
    create table user_seq (
        next_val bigint
    ) engine=InnoDB
2026-02-16 19:43:27 [SHAKTI_BAZAAR] DEBUG - 
    insert into user_seq ( next_val ) values ( 1 )
2026-02-16 19:43:27 [SHAKTI_BAZAAR] DEBUG - 
    create index idx_product_name 
       on product_inventory (product_name)
2026-02-16 19:43:28 [SHAKTI_BAZAAR] DEBUG - 
    create index idx_category 
       on product_inventory (category)
2026-02-16 19:43:28 [SHAKTI_BAZAAR] DEBUG - 
    alter table product_inventory 
       add constraint UKl154b1a0yw71kqwmhrm0c1liy unique (product_name)
2026-02-16 19:43:43 [SHAKTI_BAZAAR] DEBUG - 
    select
        pi1_0.product_id,
        pi1_0.buy_date,
        pi1_0.buy_price,
        pi1_0.category,
        pi1_0.expiry_date,
        pi1_0.product_name,
        pi1_0.selling_price,
        pi1_0.type,
        pi1_0.version 
    from
        product_inventory pi1_0 
    where
        upper(pi1_0.product_name)=upper(?)
2026-02-16 19:43:43 [SHAKTI_BAZAAR] DEBUG - 
    insert 
    into
        product_inventory
        (buy_date, buy_price, category, expiry_date, product_name, selling_price, type, version) 
    values
        (?, ?, ?, ?, ?, ?, cast(? as json), ?)
2026-02-16 19:43:57 [SHAKTI_BAZAAR] DEBUG - 
    select
        pi1_0.product_id,
        pi1_0.buy_date,
        pi1_0.buy_price,
        pi1_0.category,
        pi1_0.expiry_date,
        pi1_0.product_name,
        pi1_0.selling_price,
        pi1_0.type,
        pi1_0.version 
    from
        product_inventory pi1_0 
    where
        upper(pi1_0.product_name)=upper(?)
2026-02-16 19:45:26 [SHAKTI_BAZAAR] DEBUG - 
    select
        pi1_0.product_id,
        pi1_0.buy_date,
        pi1_0.buy_price,
        pi1_0.category,
        pi1_0.expiry_date,
        pi1_0.product_name,
        pi1_0.selling_price,
        pi1_0.type,
        pi1_0.version 
    from
        product_inventory pi1_0 
    where
        upper(pi1_0.product_name)=upper(?)
2026-02-16 19:45:27 [SHAKTI_BAZAAR] DEBUG - 
    select
        pi1_0.product_id,
        pi1_0.buy_date,
        pi1_0.buy_price,
        pi1_0.category,
        pi1_0.expiry_date,
        pi1_0.product_name,
        pi1_0.selling_price,
        pi1_0.type,
        pi1_0.version 
    from
        product_inventory pi1_0 
    where
        upper(pi1_0.product_name) like upper(?) escape '\\'
2026-02-16 20:03:30 [SHAKTI_BAZAAR] DEBUG - 
    select
        pi1_0.product_id,
        pi1_0.buy_date,
        pi1_0.buy_price,
        pi1_0.category,
        pi1_0.expiry_date,
        pi1_0.product_name,
        pi1_0.selling_price,
        pi1_0.type,
        pi1_0.version 
    from
        product_inventory pi1_0 
    where
        upper(pi1_0.product_name)=upper(?)
2026-02-16 20:03:30 [SHAKTI_BAZAAR] DEBUG - 
    select
        pi1_0.product_id,
        pi1_0.buy_date,
        pi1_0.buy_price,
        pi1_0.category,
        pi1_0.expiry_date,
        pi1_0.product_name,
        pi1_0.selling_price,
        pi1_0.type,
        pi1_0.version 
    from
        product_inventory pi1_0 
    where
        upper(pi1_0.product_name) like upper(?) escape '\\'
2026-02-16 20:04:17 [SHAKTI_BAZAAR] DEBUG - 
    select
        pi1_0.product_id,
        pi1_0.buy_date,
        pi1_0.buy_price,
        pi1_0.category,
        pi1_0.expiry_date,
        pi1_0.product_name,
        pi1_0.selling_price,
        pi1_0.type,
        pi1_0.version 
    from
        product_inventory pi1_0 
    where
        upper(pi1_0.product_name)=upper(?)
2026-02-16 20:04:17 [SHAKTI_BAZAAR] DEBUG - 
    insert 
    into
        product_inventory
        (buy_date, buy_price, category, expiry_date, product_name, selling_price, type, version) 
    values
        (?, ?, ?, ?, ?, ?, cast(? as json), ?)
2026-02-16 20:08:46 [SHAKTI_BAZAAR] DEBUG - 
    select
        pi1_0.product_id,
        pi1_0.buy_date,
        pi1_0.buy_price,
        pi1_0.category,
        pi1_0.expiry_date,
        pi1_0.product_name,
        pi1_0.selling_price,
        pi1_0.type,
        pi1_0.version 
    from
        product_inventory pi1_0 
    where
        upper(pi1_0.product_name)=upper(?)
2026-02-16 20:08:46 [SHAKTI_BAZAAR] DEBUG - 
    select
        pi1_0.product_id,
        pi1_0.buy_date,
        pi1_0.buy_price,
        pi1_0.category,
        pi1_0.expiry_date,
        pi1_0.product_name,
        pi1_0.selling_price,
        pi1_0.type,
        pi1_0.version 
    from
        product_inventory pi1_0 
    where
        upper(pi1_0.product_name) like upper(?) escape '\\'
