2026-02-17 11:30:57 [SHAKTI_BAZAAR] DEBUG - 
    select
        pi1_0.product_id,
        pi1_0.buy_date,
        pi1_0.buy_price,
        pi1_0.category,
        pi1_0.expiry_date,
        pi1_0.product_name,
        pi1_0.selling_price,
        pi1_0.type,
        pi1_0.version 
    from
        product_inventory pi1_0 
    where
        upper(pi1_0.product_name)=upper(?)
2026-02-17 11:30:58 [SHAKTI_BAZAAR] DEBUG - 
    select
        pi1_0.product_id,
        pi1_0.buy_date,
        pi1_0.buy_price,
        pi1_0.category,
        pi1_0.expiry_date,
        pi1_0.product_name,
        pi1_0.selling_price,
        pi1_0.type,
        pi1_0.version 
    from
        product_inventory pi1_0 
    where
        upper(pi1_0.product_name) like upper(?) escape '\\'
2026-02-17 11:37:18 [SHAKTI_BAZAAR] DEBUG - 
    select
        pi1_0.product_id,
        pi1_0.buy_date,
        pi1_0.buy_price,
        pi1_0.category,
        pi1_0.expiry_date,
        pi1_0.product_name,
        pi1_0.selling_price,
        pi1_0.type,
        pi1_0.version 
    from
        product_inventory pi1_0 
    where
        upper(pi1_0.product_name)=upper(?)
2026-02-17 11:37:18 [SHAKTI_BAZAAR] DEBUG - 
    select
        pi1_0.product_id,
        pi1_0.buy_date,
        pi1_0.buy_price,
        pi1_0.category,
        pi1_0.expiry_date,
        pi1_0.product_name,
        pi1_0.selling_price,
        pi1_0.type,
        pi1_0.version 
    from
        product_inventory pi1_0 
    where
        upper(pi1_0.product_name) like upper(?) escape '\\'
2026-02-17 11:38:43 [SHAKTI_BAZAAR] DEBUG - 
    select
        pi1_0.product_id,
        pi1_0.buy_date,
        pi1_0.buy_price,
        pi1_0.category,
        pi1_0.expiry_date,
        pi1_0.product_name,
        pi1_0.selling_price,
        pi1_0.type,
        pi1_0.version 
    from
        product_inventory pi1_0 
    where
        upper(pi1_0.product_name)=upper(?)
2026-02-17 11:38:43 [SHAKTI_BAZAAR] DEBUG - 
    insert 
    into
        product_inventory
        (buy_date, buy_price, category, expiry_date, product_name, selling_price, type, version) 
    values
        (?, ?, ?, ?, ?, ?, cast(? as json), ?)
2026-02-17 12:23:35 [SHAKTI_BAZAAR] DEBUG - 
    select
        pi1_0.product_id,
        pi1_0.buy_date,
        pi1_0.buy_price,
        pi1_0.category,
        pi1_0.expiry_date,
        pi1_0.product_name,
        pi1_0.selling_price,
        pi1_0.type,
        pi1_0.version 
    from
        product_inventory pi1_0 
    where
        upper(pi1_0.product_name)=upper(?)
2026-02-17 12:23:36 [SHAKTI_BAZAAR] DEBUG - 
    select
        pi1_0.product_id,
        pi1_0.buy_date,
        pi1_0.buy_price,
        pi1_0.category,
        pi1_0.expiry_date,
        pi1_0.product_name,
        pi1_0.selling_price,
        pi1_0.type,
        pi1_0.version 
    from
        product_inventory pi1_0 
    where
        upper(pi1_0.product_name) like upper(?) escape '\\'
2026-02-17 14:05:14 [SHAKTI_BAZAAR] DEBUG - 
    select
        pi1_0.product_id,
        pi1_0.buy_date,
        pi1_0.buy_price,
        pi1_0.category,
        pi1_0.expiry_date,
        pi1_0.product_name,
        pi1_0.selling_price,
        pi1_0.type,
        pi1_0.version 
    from
        product_inventory pi1_0 
    where
        lower(pi1_0.product_name) like lower(concat('%', ?, '%')) escape ''
2026-02-17 14:05:19 [SHAKTI_BAZAAR] DEBUG - 
    select
        pi1_0.product_id,
        pi1_0.buy_date,
        pi1_0.buy_price,
        pi1_0.category,
        pi1_0.expiry_date,
        pi1_0.product_name,
        pi1_0.selling_price,
        pi1_0.type,
        pi1_0.version 
    from
        product_inventory pi1_0 
    where
        lower(pi1_0.product_name) like lower(concat('%', ?, '%')) escape ''
2026-02-17 14:05:34 [SHAKTI_BAZAAR] DEBUG - 
    select
        pi1_0.product_id,
        pi1_0.buy_date,
        pi1_0.buy_price,
        pi1_0.category,
        pi1_0.expiry_date,
        pi1_0.product_name,
        pi1_0.selling_price,
        pi1_0.type,
        pi1_0.version 
    from
        product_inventory pi1_0 
    where
        lower(pi1_0.product_name) like lower(concat('%', ?, '%')) escape ''
2026-02-17 14:20:04 [SHAKTI_BAZAAR] DEBUG - 
    select
        pi1_0.product_id,
        pi1_0.buy_date,
        pi1_0.buy_price,
        pi1_0.category,
        pi1_0.expiry_date,
        pi1_0.product_name,
        pi1_0.selling_price,
        pi1_0.type,
        pi1_0.version 
    from
        product_inventory pi1_0 
    where
        upper(pi1_0.product_name)=upper(?)
2026-02-17 14:20:04 [SHAKTI_BAZAAR] DEBUG - 
    insert 
    into
        product_inventory
        (buy_date, buy_price, category, expiry_date, product_name, selling_price, type, version) 
    values
        (?, ?, ?, ?, ?, ?, cast(? as json), ?)
2026-02-17 14:21:03 [SHAKTI_BAZAAR] DEBUG - 
    select
        pi1_0.product_id,
        pi1_0.buy_date,
        pi1_0.buy_price,
        pi1_0.category,
        pi1_0.expiry_date,
        pi1_0.product_name,
        pi1_0.selling_price,
        pi1_0.type,
        pi1_0.version 
    from
        product_inventory pi1_0 
    where
        lower(pi1_0.product_name) like lower(concat('%', ?, '%')) escape ''
2026-02-17 14:23:13 [SHAKTI_BAZAAR] DEBUG - 
    select
        pi1_0.product_id,
        pi1_0.buy_date,
        pi1_0.buy_price,
        pi1_0.category,
        pi1_0.expiry_date,
        pi1_0.product_name,
        pi1_0.selling_price,
        pi1_0.type,
        pi1_0.version 
    from
        product_inventory pi1_0 
    where
        lower(pi1_0.product_name) like lower(concat('%', ?, '%')) escape ''
2026-02-17 16:10:48 [SHAKTI_BAZAAR] DEBUG - 
    select
        pi1_0.product_id,
        pi1_0.buy_date,
        pi1_0.buy_price,
        pi1_0.category,
        pi1_0.expiry_date,
        pi1_0.product_name,
        pi1_0.selling_price,
        pi1_0.type,
        pi1_0.version 
    from
        product_inventory pi1_0
2026-02-17 16:41:58 [SHAKTI_BAZAAR] DEBUG - 
    select
        pi1_0.product_id,
        pi1_0.buy_date,
        pi1_0.buy_price,
        pi1_0.category,
        pi1_0.expiry_date,
        pi1_0.product_name,
        pi1_0.selling_price,
        pi1_0.type,
        pi1_0.version 
    from
        product_inventory pi1_0
2026-02-17 16:55:53 [SHAKTI_BAZAAR] DEBUG - 
    select
        pi1_0.product_id,
        pi1_0.buy_date,
        pi1_0.buy_price,
        pi1_0.category,
        pi1_0.expiry_date,
        pi1_0.product_name,
        pi1_0.selling_price,
        pi1_0.type,
        pi1_0.version 
    from
        product_inventory pi1_0 
    where
        upper(pi1_0.product_name)=upper(?)
2026-02-17 16:55:53 [SHAKTI_BAZAAR] DEBUG - 
    insert 
    into
        product_inventory
        (buy_date, buy_price, category, expiry_date, product_name, selling_price, type, version) 
    values
        (?, ?, ?, ?, ?, ?, cast(? as json), ?)
2026-02-17 16:56:42 [SHAKTI_BAZAAR] DEBUG - 
    select
        pi1_0.product_id,
        pi1_0.buy_date,
        pi1_0.buy_price,
        pi1_0.category,
        pi1_0.expiry_date,
        pi1_0.product_name,
        pi1_0.selling_price,
        pi1_0.type,
        pi1_0.version 
    from
        product_inventory pi1_0
2026-02-17 17:08:47 [SHAKTI_BAZAAR] DEBUG - 
    select
        pi1_0.product_id,
        pi1_0.buy_date,
        pi1_0.buy_price,
        pi1_0.category,
        pi1_0.expiry_date,
        pi1_0.product_name,
        pi1_0.selling_price,
        pi1_0.type,
        pi1_0.version 
    from
        product_inventory pi1_0
2026-02-17 17:11:40 [SHAKTI_BAZAAR] DEBUG - 
    select
        pi1_0.product_id,
        pi1_0.buy_date,
        pi1_0.buy_price,
        pi1_0.category,
        pi1_0.expiry_date,
        pi1_0.product_name,
        pi1_0.selling_price,
        pi1_0.type,
        pi1_0.version 
    from
        product_inventory pi1_0 
    where
        pi1_0.product_id=?
2026-02-17 17:13:02 [SHAKTI_BAZAAR] DEBUG - 
    select
        pi1_0.product_id,
        pi1_0.buy_date,
        pi1_0.buy_price,
        pi1_0.category,
        pi1_0.expiry_date,
        pi1_0.product_name,
        pi1_0.selling_price,
        pi1_0.type,
        pi1_0.version 
    from
        product_inventory pi1_0 
    where
        pi1_0.product_id=?
2026-02-17 17:13:39 [SHAKTI_BAZAAR] DEBUG - 
    select
        pi1_0.product_id,
        pi1_0.buy_date,
        pi1_0.buy_price,
        pi1_0.category,
        pi1_0.expiry_date,
        pi1_0.product_name,
        pi1_0.selling_price,
        pi1_0.type,
        pi1_0.version 
    from
        product_inventory pi1_0 
    where
        pi1_0.product_id=?
2026-02-17 17:13:44 [SHAKTI_BAZAAR] DEBUG - 
    select
        pi1_0.product_id,
        pi1_0.buy_date,
        pi1_0.buy_price,
        pi1_0.category,
        pi1_0.expiry_date,
        pi1_0.product_name,
        pi1_0.selling_price,
        pi1_0.type,
        pi1_0.version 
    from
        product_inventory pi1_0 
    where
        pi1_0.product_id=?
2026-02-17 17:14:43 [SHAKTI_BAZAAR] DEBUG - 
    select
        pi1_0.product_id,
        pi1_0.buy_date,
        pi1_0.buy_price,
        pi1_0.category,
        pi1_0.expiry_date,
        pi1_0.product_name,
        pi1_0.selling_price,
        pi1_0.type,
        pi1_0.version 
    from
        product_inventory pi1_0 
    where
        pi1_0.product_id=?
2026-02-17 17:14:43 [SHAKTI_BAZAAR] DEBUG - 
    update
        product_inventory 
    set
        buy_price=?,
        category=?,
        expiry_date=?,
        product_name=?,
        selling_price=?,
        type=cast(? as json),
        version=? 
    where
        product_id=? 
        and version=?
2026-02-17 17:15:34 [SHAKTI_BAZAAR] DEBUG - 
    select
        pi1_0.product_id,
        pi1_0.buy_date,
        pi1_0.buy_price,
        pi1_0.category,
        pi1_0.expiry_date,
        pi1_0.product_name,
        pi1_0.selling_price,
        pi1_0.type,
        pi1_0.version 
    from
        product_inventory pi1_0 
    where
        lower(pi1_0.product_name) like lower(concat('%', ?, '%')) escape ''
2026-02-17 17:21:50 [SHAKTI_BAZAAR] DEBUG - 
    select
        pi1_0.product_id,
        pi1_0.buy_date,
        pi1_0.buy_price,
        pi1_0.category,
        pi1_0.expiry_date,
        pi1_0.product_name,
        pi1_0.selling_price,
        pi1_0.type,
        pi1_0.version 
    from
        product_inventory pi1_0 
    where
        pi1_0.product_id=?
2026-02-17 17:23:00 [SHAKTI_BAZAAR] DEBUG - 
    select
        count(*) 
    from
        product_inventory pi1_0 
    where
        pi1_0.product_id=?
2026-02-17 17:23:00 [SHAKTI_BAZAAR] DEBUG - 
    select
        pi1_0.product_id,
        pi1_0.buy_date,
        pi1_0.buy_price,
        pi1_0.category,
        pi1_0.expiry_date,
        pi1_0.product_name,
        pi1_0.selling_price,
        pi1_0.type,
        pi1_0.version 
    from
        product_inventory pi1_0 
    where
        pi1_0.product_id=?
2026-02-17 17:23:00 [SHAKTI_BAZAAR] DEBUG - 
    delete 
    from
        product_inventory 
    where
        product_id=? 
        and version=?
