2026-02-17 00:25:11 [SHAKTI_BAZAAR] WARN  - HikariPool-1 - Thread starvation or clock leap detected (housekeeper delta=28m26s13ms641µs900ns).
2026-02-17 10:20:16 [SHAKTI_BAZAAR] WARN  - HikariPool-1 - Thread starvation or clock leap detected (housekeeper delta=9h55m27s29ms998µs600ns).
2026-02-17 11:29:08 [SHAKTI_BAZAAR] INFO  - Commencing graceful shutdown. Waiting for active requests to complete
2026-02-17 11:29:08 [SHAKTI_BAZAAR] INFO  - Graceful shutdown complete
2026-02-17 11:29:09 [SHAKTI_BAZAAR] INFO  - Closing JPA EntityManagerFactory for persistence unit 'default'
2026-02-17 11:29:09 [SHAKTI_BAZAAR] INFO  - HikariPool-1 - Shutdown initiated...
2026-02-17 11:29:09 [SHAKTI_BAZAAR] INFO  - HikariPool-1 - Shutdown completed.
2026-02-17 11:29:34 [SHAKTI_BAZAAR] INFO  - Starting BillingSoftwareApplication using Java 19.0.2 with PID 28512 (C:\Users\Admin\Downloads\Billing Software\Billing-Software\target\classes started by Admin in C:\Users\Admin\Downloads\Billing Software\Billing-Software)
2026-02-17 11:29:34 [SHAKTI_BAZAAR] INFO  - No active profile set, falling back to 1 default profile: "default"
2026-02-17 11:29:34 [SHAKTI_BAZAAR] INFO  - Devtools property defaults active! Set 'spring.devtools.add-properties' to 'false' to disable
2026-02-17 11:29:34 [SHAKTI_BAZAAR] INFO  - For additional web related logging consider setting the 'logging.level.web' property to 'DEBUG'
2026-02-17 11:29:35 [SHAKTI_BAZAAR] INFO  - Multiple Spring Data modules found, entering strict repository configuration mode
2026-02-17 11:29:35 [SHAKTI_BAZAAR] INFO  - Bootstrapping Spring Data JPA repositories in DEFAULT mode.
2026-02-17 11:29:35 [SHAKTI_BAZAAR] INFO  - Finished Spring Data repository scanning in 208 ms. Found 2 JPA repository interfaces.
2026-02-17 11:29:35 [SHAKTI_BAZAAR] INFO  - Multiple Spring Data modules found, entering strict repository configuration mode
2026-02-17 11:29:35 [SHAKTI_BAZAAR] INFO  - Bootstrapping Spring Data Redis repositories in DEFAULT mode.
2026-02-17 11:29:36 [SHAKTI_BAZAAR] INFO  - Spring Data Redis - Could not safely identify store assignment for repository candidate interface com.custom.Billing.Software.repository.ProductInventoryRepository; If you want this repository to be a Redis repository, consider annotating your entities with one of these annotations: org.springframework.data.redis.core.RedisHash (preferred), or consider extending one of the following types with your repository: org.springframework.data.keyvalue.repository.KeyValueRepository
2026-02-17 11:29:36 [SHAKTI_BAZAAR] INFO  - Spring Data Redis - Could not safely identify store assignment for repository candidate interface com.custom.Billing.Software.repository.UserRepository; If you want this repository to be a Redis repository, consider annotating your entities with one of these annotations: org.springframework.data.redis.core.RedisHash (preferred), or consider extending one of the following types with your repository: org.springframework.data.keyvalue.repository.KeyValueRepository
2026-02-17 11:29:36 [SHAKTI_BAZAAR] INFO  - Finished Spring Data repository scanning in 16 ms. Found 0 Redis repository interfaces.
2026-02-17 11:29:37 [SHAKTI_BAZAAR] INFO  - Tomcat initialized with port 8082 (http)
2026-02-17 11:29:37 [SHAKTI_BAZAAR] INFO  - Initializing ProtocolHandler ["http-nio-8082"]
2026-02-17 11:29:37 [SHAKTI_BAZAAR] INFO  - Starting service [Tomcat]
2026-02-17 11:29:37 [SHAKTI_BAZAAR] INFO  - Starting Servlet engine: [Apache Tomcat/11.0.14]
2026-02-17 11:29:37 [SHAKTI_BAZAAR] INFO  - Root WebApplicationContext: initialization completed in 2955 ms
2026-02-17 11:29:37 [SHAKTI_BAZAAR] INFO  - HHH000204: Processing PersistenceUnitInfo [name: default]
2026-02-17 11:29:37 [SHAKTI_BAZAAR] INFO  - HHH000412: Hibernate ORM core version 7.1.8.Final
2026-02-17 11:29:38 [SHAKTI_BAZAAR] INFO  - No LoadTimeWeaver setup: ignoring JPA class transformer
2026-02-17 11:29:38 [SHAKTI_BAZAAR] INFO  - HikariPool-1 - Starting...
2026-02-17 11:29:38 [SHAKTI_BAZAAR] INFO  - HikariPool-1 - Added connection com.mysql.cj.jdbc.ConnectionImpl@5fed547a
2026-02-17 11:29:38 [SHAKTI_BAZAAR] INFO  - HikariPool-1 - Start completed.
2026-02-17 11:29:39 [SHAKTI_BAZAAR] WARN  - HHH90000025: MySQLDialect does not need to be specified explicitly using 'hibernate.dialect' (remove the property setting and it will be selected by default)
2026-02-17 11:29:39 [SHAKTI_BAZAAR] INFO  - HHH10001005: Database info:
	Database JDBC URL [jdbc:mysql://localhost:3306/Billing-Software?autoReconnect=true&useSSL=false&createDatabaseIfNotExist=true&allowPublicKeyRetrieval=true]
	Database driver: MySQL Connector/J
	Database dialect: MySQLDialect
	Database version: 8.0.41
	Default catalog/schema: Billing-Software/undefined
	Autocommit mode: undefined/unknown
	Isolation level: REPEATABLE_READ [default REPEATABLE_READ]
	JDBC fetch size: none
	Pool: DatasourceConnectionProviderImpl
	Minimum pool size: undefined/unknown
	Maximum pool size: undefined/unknown
2026-02-17 11:29:39 [SHAKTI_BAZAAR] INFO  - HHH000182: No default (no-argument) constructor for class [com.custom.Billing.Software.entity.User] (class must be instantiated by Interceptor)
2026-02-17 11:29:40 [SHAKTI_BAZAAR] INFO  - HHH000489: No JTA platform available (set 'hibernate.transaction.jta.platform' to enable JTA platform integration)
2026-02-17 11:29:40 [SHAKTI_BAZAAR] INFO  - HHH100501: Automatic JDBC statement batching enabled (maximum batch size 50)
2026-02-17 11:29:40 [SHAKTI_BAZAAR] INFO  - Initialized JPA EntityManagerFactory for persistence unit 'default'
2026-02-17 11:29:40 [SHAKTI_BAZAAR] INFO  - Hibernate is in classpath; If applicable, HQL parser will be used.
2026-02-17 11:29:41 [SHAKTI_BAZAAR] WARN  - spring.jpa.open-in-view is enabled by default. Therefore, database queries may be performed during view rendering. Explicitly configure spring.jpa.open-in-view to disable this warning
2026-02-17 11:29:41 [SHAKTI_BAZAAR] WARN  - 

Using generated security password: 4baf11cb-7829-453c-8092-d46d6b5a295f

This generated password is for development use only. Your security configuration must be updated before running your application in production.

2026-02-17 11:29:41 [SHAKTI_BAZAAR] INFO  - Global AuthenticationManager configured with UserDetailsService bean with name inMemoryUserDetailsManager
2026-02-17 11:29:42 [SHAKTI_BAZAAR] INFO  - Starting ProtocolHandler ["http-nio-8082"]
2026-02-17 11:29:42 [SHAKTI_BAZAAR] INFO  - Tomcat started on port 8082 (http) with context path '/'
2026-02-17 11:29:42 [SHAKTI_BAZAAR] INFO  - Started BillingSoftwareApplication in 9.411 seconds (process running for 12.697)
2026-02-17 11:30:55 [SHAKTI_BAZAAR] INFO  - Initializing Spring DispatcherServlet 'dispatcherServlet'
2026-02-17 11:30:55 [SHAKTI_BAZAAR] INFO  - Initializing Servlet 'dispatcherServlet'
2026-02-17 11:30:55 [SHAKTI_BAZAAR] INFO  - Completed initialization in 2 ms
2026-02-17 11:30:56 [SHAKTI_BAZAAR] INFO  - [com.custom.Billing.Software.serviceimpl.ProductInventoryServiceImpl:createProduct:42] - Creating product: {} Paracetamol 250mg: 
2026-02-17 11:30:58 [SHAKTI_BAZAAR] ERROR - [com.custom.Billing.Software.serviceimpl.ProductInventoryServiceImpl:createProduct:81] - Error while creating product: {} com.custom.Billing.Software.exception.ProductAlreadyExistsException: 
2026-02-17 11:30:58 [SHAKTI_BAZAAR] ERROR - Servlet.service() for servlet [dispatcherServlet] in context with path [] threw exception [Request processing failed: java.lang.RuntimeException: Unable to create product. Please try again.] with root cause
java.lang.RuntimeException: Unable to create product. Please try again.
	at com.custom.Billing.Software.serviceimpl.ProductInventoryServiceImpl.createProduct(ProductInventoryServiceImpl.java:82)
	at com.custom.Billing.Software.controller.ProductInventoryController.create(ProductInventoryController.java:26)
	at java.base/jdk.internal.reflect.DirectMethodHandleAccessor.invoke(DirectMethodHandleAccessor.java:104)
	at java.base/java.lang.reflect.Method.invoke(Method.java:578)
	at org.springframework.web.method.support.InvocableHandlerMethod.doInvoke(InvocableHandlerMethod.java:258)
	at org.springframework.web.method.support.InvocableHandlerMethod.invokeForRequest(InvocableHandlerMethod.java:190)
	at org.springframework.web.servlet.mvc.method.annotation.ServletInvocableHandlerMethod.invokeAndHandle(ServletInvocableHandlerMethod.java:117)
	at org.springframework.web.servlet.mvc.method.annotation.RequestMappingHandlerAdapter.invokeHandlerMethod(RequestMappingHandlerAdapter.java:934)
	at org.springframework.web.servlet.mvc.method.annotation.RequestMappingHandlerAdapter.handleInternal(RequestMappingHandlerAdapter.java:853)
	at org.springframework.web.servlet.mvc.method.AbstractHandlerMethodAdapter.handle(AbstractHandlerMethodAdapter.java:86)
	at org.springframework.web.servlet.DispatcherServlet.doDispatch(DispatcherServlet.java:963)
	at org.springframework.web.servlet.DispatcherServlet.doService(DispatcherServlet.java:866)
	at org.springframework.web.servlet.FrameworkServlet.processRequest(FrameworkServlet.java:1003)
	at org.springframework.web.servlet.FrameworkServlet.doPost(FrameworkServlet.java:903)
	at jakarta.servlet.http.HttpServlet.service(HttpServlet.java:649)
	at org.springframework.web.servlet.FrameworkServlet.service(FrameworkServlet.java:874)
	at jakarta.servlet.http.HttpServlet.service(HttpServlet.java:710)
	at org.apache.catalina.core.ApplicationFilterChain.doFilter(ApplicationFilterChain.java:128)
	at org.apache.tomcat.websocket.server.WsFilter.doFilter(WsFilter.java:53)
	at org.apache.catalina.core.ApplicationFilterChain.doFilter(ApplicationFilterChain.java:107)
	at org.springframework.web.filter.OncePerRequestFilter.doFilter(OncePerRequestFilter.java:110)
	at org.apache.catalina.core.ApplicationFilterChain.doFilter(ApplicationFilterChain.java:107)
	at org.springframework.web.filter.CompositeFilter$VirtualFilterChain.doFilter(CompositeFilter.java:108)
	at org.springframework.security.web.FilterChainProxy.lambda$doFilterInternal$3(FilterChainProxy.java:235)
	at org.springframework.security.web.FilterChainProxy$VirtualFilterChain.doFilter(FilterChainProxy.java:371)
	at org.springframework.security.web.access.intercept.AuthorizationFilter.doFilter(AuthorizationFilter.java:101)
	at org.springframework.security.web.FilterChainProxy$VirtualFilterChain.doFilter(FilterChainProxy.java:380)
	at org.springframework.security.web.access.ExceptionTranslationFilter.doFilter(ExceptionTranslationFilter.java:126)
	at org.springframework.security.web.access.ExceptionTranslationFilter.doFilter(ExceptionTranslationFilter.java:120)
	at org.springframework.security.web.FilterChainProxy$VirtualFilterChain.doFilter(FilterChainProxy.java:380)
	at org.springframework.security.web.authentication.AnonymousAuthenticationFilter.doFilter(AnonymousAuthenticationFilter.java:100)
	at org.springframework.security.web.FilterChainProxy$VirtualFilterChain.doFilter(FilterChainProxy.java:380)
	at org.springframework.security.web.servletapi.SecurityContextHolderAwareRequestFilter.doFilter(SecurityContextHolderAwareRequestFilter.java:181)
	at org.springframework.security.web.FilterChainProxy$VirtualFilterChain.doFilter(FilterChainProxy.java:380)
	at org.springframework.security.web.savedrequest.RequestCacheAwareFilter.doFilter(RequestCacheAwareFilter.java:63)
	at org.springframework.security.web.FilterChainProxy$VirtualFilterChain.doFilter(FilterChainProxy.java:380)
	at com.custom.Billing.Software.config.JwtFilter.doFilterInternal(JwtFilter.java:49)
	at org.springframework.web.filter.OncePerRequestFilter.doFilter(OncePerRequestFilter.java:116)
	at org.springframework.security.web.FilterChainProxy$VirtualFilterChain.doFilter(FilterChainProxy.java:380)
	at org.springframework.security.web.authentication.logout.LogoutFilter.doFilter(LogoutFilter.java:110)
	at org.springframework.security.web.authentication.logout.LogoutFilter.doFilter(LogoutFilter.java:96)
	at org.springframework.security.web.FilterChainProxy$VirtualFilterChain.doFilter(FilterChainProxy.java:380)
	at org.springframework.security.web.header.HeaderWriterFilter.doHeadersAfter(HeaderWriterFilter.java:90)
	at org.springframework.security.web.header.HeaderWriterFilter.doFilterInternal(HeaderWriterFilter.java:75)
	at org.springframework.web.filter.OncePerRequestFilter.doFilter(OncePerRequestFilter.java:116)
	at org.springframework.security.web.FilterChainProxy$VirtualFilterChain.doFilter(FilterChainProxy.java:380)
	at org.springframework.security.web.context.SecurityContextHolderFilter.doFilter(SecurityContextHolderFilter.java:82)
	at org.springframework.security.web.context.SecurityContextHolderFilter.doFilter(SecurityContextHolderFilter.java:69)
	at org.springframework.security.web.FilterChainProxy$VirtualFilterChain.doFilter(FilterChainProxy.java:380)
	at org.springframework.security.web.context.request.async.WebAsyncManagerIntegrationFilter.doFilterInternal(WebAsyncManagerIntegrationFilter.java:62)
	at org.springframework.web.filter.OncePerRequestFilter.doFilter(OncePerRequestFilter.java:116)
	at org.springframework.security.web.FilterChainProxy$VirtualFilterChain.doFilter(FilterChainProxy.java:380)
	at org.springframework.security.web.session.DisableEncodeUrlFilter.doFilterInternal(DisableEncodeUrlFilter.java:42)
	at org.springframework.web.filter.OncePerRequestFilter.doFilter(OncePerRequestFilter.java:116)
	at org.springframework.security.web.FilterChainProxy$VirtualFilterChain.doFilter(FilterChainProxy.java:380)
	at org.springframework.security.web.FilterChainProxy.doFilterInternal(FilterChainProxy.java:237)
	at org.springframework.security.web.FilterChainProxy.doFilter(FilterChainProxy.java:195)
	at org.springframework.web.filter.CompositeFilter$VirtualFilterChain.doFilter(CompositeFilter.java:113)
	at org.springframework.web.filter.ServletRequestPathFilter.doFilter(ServletRequestPathFilter.java:52)
	at org.springframework.web.filter.CompositeFilter$VirtualFilterChain.doFilter(CompositeFilter.java:113)
	at org.springframework.web.filter.CompositeFilter.doFilter(CompositeFilter.java:74)
	at org.springframework.security.config.annotation.web.configuration.WebSecurityConfiguration$CompositeFilterChainProxy.doFilter(WebSecurityConfiguration.java:317)
	at org.springframework.web.filter.DelegatingFilterProxy.invokeDelegate(DelegatingFilterProxy.java:355)
	at org.springframework.web.filter.DelegatingFilterProxy.doFilter(DelegatingFilterProxy.java:272)
	at org.apache.catalina.core.ApplicationFilterChain.doFilter(ApplicationFilterChain.java:107)
	at org.springframework.web.filter.RequestContextFilter.doFilterInternal(RequestContextFilter.java:100)
	at org.springframework.web.filter.OncePerRequestFilter.doFilter(OncePerRequestFilter.java:116)
	at org.apache.catalina.core.ApplicationFilterChain.doFilter(ApplicationFilterChain.java:107)
	at org.springframework.web.filter.FormContentFilter.doFilterInternal(FormContentFilter.java:93)
	at org.springframework.web.filter.OncePerRequestFilter.doFilter(OncePerRequestFilter.java:116)
	at org.apache.catalina.core.ApplicationFilterChain.doFilter(ApplicationFilterChain.java:107)
	at org.springframework.web.filter.CharacterEncodingFilter.doFilterInternal(CharacterEncodingFilter.java:199)
	at org.springframework.web.filter.OncePerRequestFilter.doFilter(OncePerRequestFilter.java:116)
	at org.apache.catalina.core.ApplicationFilterChain.doFilter(ApplicationFilterChain.java:107)
	at org.apache.catalina.core.StandardWrapperValve.invoke(StandardWrapperValve.java:165)
	at org.apache.catalina.core.StandardContextValve.invoke(StandardContextValve.java:77)
	at org.apache.catalina.authenticator.AuthenticatorBase.invoke(AuthenticatorBase.java:482)
	at org.apache.catalina.core.StandardHostValve.invoke(StandardHostValve.java:113)
	at org.apache.catalina.valves.ErrorReportValve.invoke(ErrorReportValve.java:83)
	at org.apache.catalina.core.StandardEngineValve.invoke(StandardEngineValve.java:72)
	at org.apache.catalina.connector.CoyoteAdapter.service(CoyoteAdapter.java:341)
	at org.apache.coyote.http11.Http11Processor.service(Http11Processor.java:397)
	at org.apache.coyote.AbstractProcessorLight.process(AbstractProcessorLight.java:63)
	at org.apache.coyote.AbstractProtocol$ConnectionHandler.process(AbstractProtocol.java:903)
	at org.apache.tomcat.util.net.NioEndpoint$SocketProcessor.doRun(NioEndpoint.java:1778)
	at org.apache.tomcat.util.net.SocketProcessorBase.run(SocketProcessorBase.java:52)
	at org.apache.tomcat.util.threads.ThreadPoolExecutor.runWorker(ThreadPoolExecutor.java:946)
	at org.apache.tomcat.util.threads.ThreadPoolExecutor$Worker.run(ThreadPoolExecutor.java:480)
	at org.apache.tomcat.util.threads.TaskThread$WrappingRunnable.run(TaskThread.java:57)
	at java.base/java.lang.Thread.run(Thread.java:1589)
2026-02-17 11:36:59 [SHAKTI_BAZAAR] INFO  - Commencing graceful shutdown. Waiting for active requests to complete
2026-02-17 11:36:59 [SHAKTI_BAZAAR] INFO  - Graceful shutdown complete
2026-02-17 11:36:59 [SHAKTI_BAZAAR] INFO  - Closing JPA EntityManagerFactory for persistence unit 'default'
2026-02-17 11:36:59 [SHAKTI_BAZAAR] INFO  - HikariPool-1 - Shutdown initiated...
2026-02-17 11:36:59 [SHAKTI_BAZAAR] INFO  - HikariPool-1 - Shutdown completed.
2026-02-17 11:37:03 [SHAKTI_BAZAAR] INFO  - Starting BillingSoftwareApplication using Java 19.0.2 with PID 24680 (C:\Users\Admin\Downloads\Billing Software\Billing-Software\target\classes started by Admin in C:\Users\Admin\Downloads\Billing Software\Billing-Software)
2026-02-17 11:37:03 [SHAKTI_BAZAAR] INFO  - No active profile set, falling back to 1 default profile: "default"
2026-02-17 11:37:03 [SHAKTI_BAZAAR] INFO  - Devtools property defaults active! Set 'spring.devtools.add-properties' to 'false' to disable
2026-02-17 11:37:03 [SHAKTI_BAZAAR] INFO  - For additional web related logging consider setting the 'logging.level.web' property to 'DEBUG'
2026-02-17 11:37:04 [SHAKTI_BAZAAR] INFO  - Multiple Spring Data modules found, entering strict repository configuration mode
2026-02-17 11:37:04 [SHAKTI_BAZAAR] INFO  - Bootstrapping Spring Data JPA repositories in DEFAULT mode.
2026-02-17 11:37:04 [SHAKTI_BAZAAR] INFO  - Finished Spring Data repository scanning in 177 ms. Found 2 JPA repository interfaces.
2026-02-17 11:37:05 [SHAKTI_BAZAAR] INFO  - Multiple Spring Data modules found, entering strict repository configuration mode
2026-02-17 11:37:05 [SHAKTI_BAZAAR] INFO  - Bootstrapping Spring Data Redis repositories in DEFAULT mode.
2026-02-17 11:37:05 [SHAKTI_BAZAAR] INFO  - Spring Data Redis - Could not safely identify store assignment for repository candidate interface com.custom.Billing.Software.repository.ProductInventoryRepository; If you want this repository to be a Redis repository, consider annotating your entities with one of these annotations: org.springframework.data.redis.core.RedisHash (preferred), or consider extending one of the following types with your repository: org.springframework.data.keyvalue.repository.KeyValueRepository
2026-02-17 11:37:05 [SHAKTI_BAZAAR] INFO  - Spring Data Redis - Could not safely identify store assignment for repository candidate interface com.custom.Billing.Software.repository.UserRepository; If you want this repository to be a Redis repository, consider annotating your entities with one of these annotations: org.springframework.data.redis.core.RedisHash (preferred), or consider extending one of the following types with your repository: org.springframework.data.keyvalue.repository.KeyValueRepository
2026-02-17 11:37:05 [SHAKTI_BAZAAR] INFO  - Finished Spring Data repository scanning in 9 ms. Found 0 Redis repository interfaces.
2026-02-17 11:37:06 [SHAKTI_BAZAAR] INFO  - Tomcat initialized with port 8082 (http)
2026-02-17 11:37:06 [SHAKTI_BAZAAR] INFO  - Initializing ProtocolHandler ["http-nio-8082"]
2026-02-17 11:37:06 [SHAKTI_BAZAAR] INFO  - Starting service [Tomcat]
2026-02-17 11:37:06 [SHAKTI_BAZAAR] INFO  - Starting Servlet engine: [Apache Tomcat/11.0.14]
2026-02-17 11:37:06 [SHAKTI_BAZAAR] INFO  - Root WebApplicationContext: initialization completed in 2456 ms
2026-02-17 11:37:06 [SHAKTI_BAZAAR] INFO  - HHH000204: Processing PersistenceUnitInfo [name: default]
2026-02-17 11:37:06 [SHAKTI_BAZAAR] INFO  - HHH000412: Hibernate ORM core version 7.1.8.Final
2026-02-17 11:37:07 [SHAKTI_BAZAAR] INFO  - No LoadTimeWeaver setup: ignoring JPA class transformer
2026-02-17 11:37:07 [SHAKTI_BAZAAR] INFO  - HikariPool-1 - Starting...
2026-02-17 11:37:07 [SHAKTI_BAZAAR] INFO  - HikariPool-1 - Added connection com.mysql.cj.jdbc.ConnectionImpl@58eb46ab
2026-02-17 11:37:07 [SHAKTI_BAZAAR] INFO  - HikariPool-1 - Start completed.
2026-02-17 11:37:07 [SHAKTI_BAZAAR] WARN  - HHH90000025: MySQLDialect does not need to be specified explicitly using 'hibernate.dialect' (remove the property setting and it will be selected by default)
2026-02-17 11:37:07 [SHAKTI_BAZAAR] INFO  - HHH10001005: Database info:
	Database JDBC URL [jdbc:mysql://localhost:3306/Billing-Software?autoReconnect=true&useSSL=false&createDatabaseIfNotExist=true&allowPublicKeyRetrieval=true]
	Database driver: MySQL Connector/J
	Database dialect: MySQLDialect
	Database version: 8.0.41
	Default catalog/schema: Billing-Software/undefined
	Autocommit mode: undefined/unknown
	Isolation level: REPEATABLE_READ [default REPEATABLE_READ]
	JDBC fetch size: none
	Pool: DatasourceConnectionProviderImpl
	Minimum pool size: undefined/unknown
	Maximum pool size: undefined/unknown
2026-02-17 11:37:08 [SHAKTI_BAZAAR] INFO  - HHH000182: No default (no-argument) constructor for class [com.custom.Billing.Software.entity.User] (class must be instantiated by Interceptor)
2026-02-17 11:37:08 [SHAKTI_BAZAAR] INFO  - HHH000489: No JTA platform available (set 'hibernate.transaction.jta.platform' to enable JTA platform integration)
2026-02-17 11:37:08 [SHAKTI_BAZAAR] INFO  - HHH100501: Automatic JDBC statement batching enabled (maximum batch size 50)
2026-02-17 11:37:08 [SHAKTI_BAZAAR] INFO  - Initialized JPA EntityManagerFactory for persistence unit 'default'
2026-02-17 11:37:08 [SHAKTI_BAZAAR] INFO  - Hibernate is in classpath; If applicable, HQL parser will be used.
2026-02-17 11:37:09 [SHAKTI_BAZAAR] WARN  - spring.jpa.open-in-view is enabled by default. Therefore, database queries may be performed during view rendering. Explicitly configure spring.jpa.open-in-view to disable this warning
2026-02-17 11:37:09 [SHAKTI_BAZAAR] WARN  - 

Using generated security password: 22cf011b-ec3c-4687-a65d-3d213e127b3f

This generated password is for development use only. Your security configuration must be updated before running your application in production.

2026-02-17 11:37:09 [SHAKTI_BAZAAR] INFO  - Global AuthenticationManager configured with UserDetailsService bean with name inMemoryUserDetailsManager
2026-02-17 11:37:10 [SHAKTI_BAZAAR] INFO  - Starting ProtocolHandler ["http-nio-8082"]
2026-02-17 11:37:10 [SHAKTI_BAZAAR] INFO  - Tomcat started on port 8082 (http) with context path '/'
2026-02-17 11:37:10 [SHAKTI_BAZAAR] INFO  - Started BillingSoftwareApplication in 7.585 seconds (process running for 8.249)
2026-02-17 11:37:16 [SHAKTI_BAZAAR] INFO  - Initializing Spring DispatcherServlet 'dispatcherServlet'
2026-02-17 11:37:16 [SHAKTI_BAZAAR] INFO  - Initializing Servlet 'dispatcherServlet'
2026-02-17 11:37:16 [SHAKTI_BAZAAR] INFO  - Completed initialization in 1 ms
2026-02-17 11:37:17 [SHAKTI_BAZAAR] INFO  - [com.custom.Billing.Software.serviceimpl.ProductInventoryServiceImpl:createProduct:42] - Creating product: {} Paracetamol 250mg: 
2026-02-17 11:37:18 [SHAKTI_BAZAAR] ERROR - [com.custom.Billing.Software.serviceimpl.ProductInventoryServiceImpl:createProduct:81] - Error while creating product: {} com.custom.Billing.Software.exception.ProductAlreadyExistsException: 
2026-02-17 11:37:18 [SHAKTI_BAZAAR] ERROR - [com.custom.Billing.Software.exception.GlobalExceptionHandler:handleGenericException:33] - Internal error: {} Unable to create product. Please try again.: 
2026-02-17 11:37:18 [SHAKTI_BAZAAR] WARN  - Resolved [java.lang.RuntimeException: Unable to create product. Please try again.]
2026-02-17 11:38:43 [SHAKTI_BAZAAR] INFO  - [com.custom.Billing.Software.serviceimpl.ProductInventoryServiceImpl:createProduct:42] - Creating product: {} Paracetamol 350mg: 
2026-02-17 11:38:43 [SHAKTI_BAZAAR] INFO  - [com.custom.Billing.Software.serviceimpl.ProductInventoryServiceImpl:createProduct:75] - Product saved with id {} 3: 
2026-02-17 12:23:21 [SHAKTI_BAZAAR] WARN  - HikariPool-1 - Thread starvation or clock leap detected (housekeeper delta=36m40s665ms341µs700ns).
2026-02-17 12:23:35 [SHAKTI_BAZAAR] INFO  - [com.custom.Billing.Software.serviceimpl.ProductInventoryServiceImpl:createProduct:42] - Creating product: {} Paracetamol 350mg: 
2026-02-17 12:23:36 [SHAKTI_BAZAAR] ERROR - [com.custom.Billing.Software.serviceimpl.ProductInventoryServiceImpl:createProduct:81] - Error while creating product: {} com.custom.Billing.Software.exception.ProductAlreadyExistsException: 
2026-02-17 12:23:36 [SHAKTI_BAZAAR] ERROR - [com.custom.Billing.Software.exception.GlobalExceptionHandler:handleGenericException:33] - Internal error: {} Unable to create product. Please try again.: 
2026-02-17 12:23:36 [SHAKTI_BAZAAR] WARN  - Resolved [java.lang.RuntimeException: Unable to create product. Please try again.]
2026-02-17 14:03:01 [SHAKTI_BAZAAR] INFO  - Commencing graceful shutdown. Waiting for active requests to complete
2026-02-17 14:03:01 [SHAKTI_BAZAAR] INFO  - Graceful shutdown complete
2026-02-17 14:03:01 [SHAKTI_BAZAAR] INFO  - Closing JPA EntityManagerFactory for persistence unit 'default'
2026-02-17 14:03:01 [SHAKTI_BAZAAR] INFO  - HikariPool-1 - Shutdown initiated...
2026-02-17 14:03:01 [SHAKTI_BAZAAR] INFO  - HikariPool-1 - Shutdown completed.
2026-02-17 14:03:20 [SHAKTI_BAZAAR] INFO  - Starting BillingSoftwareApplication using Java 19.0.2 with PID 23748 (C:\Users\Admin\Downloads\Billing Software\Billing-Software\target\classes started by Admin in C:\Users\Admin\Downloads\Billing Software\Billing-Software)
2026-02-17 14:03:20 [SHAKTI_BAZAAR] INFO  - No active profile set, falling back to 1 default profile: "default"
2026-02-17 14:03:20 [SHAKTI_BAZAAR] INFO  - Devtools property defaults active! Set 'spring.devtools.add-properties' to 'false' to disable
2026-02-17 14:03:20 [SHAKTI_BAZAAR] INFO  - For additional web related logging consider setting the 'logging.level.web' property to 'DEBUG'
2026-02-17 14:03:23 [SHAKTI_BAZAAR] INFO  - Multiple Spring Data modules found, entering strict repository configuration mode
2026-02-17 14:03:23 [SHAKTI_BAZAAR] INFO  - Bootstrapping Spring Data JPA repositories in DEFAULT mode.
2026-02-17 14:03:24 [SHAKTI_BAZAAR] INFO  - Finished Spring Data repository scanning in 259 ms. Found 2 JPA repository interfaces.
2026-02-17 14:03:24 [SHAKTI_BAZAAR] INFO  - Multiple Spring Data modules found, entering strict repository configuration mode
2026-02-17 14:03:24 [SHAKTI_BAZAAR] INFO  - Bootstrapping Spring Data Redis repositories in DEFAULT mode.
2026-02-17 14:03:24 [SHAKTI_BAZAAR] INFO  - Spring Data Redis - Could not safely identify store assignment for repository candidate interface com.custom.Billing.Software.repository.ProductInventoryRepository; If you want this repository to be a Redis repository, consider annotating your entities with one of these annotations: org.springframework.data.redis.core.RedisHash (preferred), or consider extending one of the following types with your repository: org.springframework.data.keyvalue.repository.KeyValueRepository
2026-02-17 14:03:24 [SHAKTI_BAZAAR] INFO  - Spring Data Redis - Could not safely identify store assignment for repository candidate interface com.custom.Billing.Software.repository.UserRepository; If you want this repository to be a Redis repository, consider annotating your entities with one of these annotations: org.springframework.data.redis.core.RedisHash (preferred), or consider extending one of the following types with your repository: org.springframework.data.keyvalue.repository.KeyValueRepository
2026-02-17 14:03:24 [SHAKTI_BAZAAR] INFO  - Finished Spring Data repository scanning in 18 ms. Found 0 Redis repository interfaces.
2026-02-17 14:03:25 [SHAKTI_BAZAAR] INFO  - Tomcat initialized with port 8082 (http)
2026-02-17 14:03:25 [SHAKTI_BAZAAR] INFO  - Initializing ProtocolHandler ["http-nio-8082"]
2026-02-17 14:03:25 [SHAKTI_BAZAAR] INFO  - Starting service [Tomcat]
2026-02-17 14:03:25 [SHAKTI_BAZAAR] INFO  - Starting Servlet engine: [Apache Tomcat/11.0.14]
2026-02-17 14:03:26 [SHAKTI_BAZAAR] INFO  - Root WebApplicationContext: initialization completed in 5019 ms
2026-02-17 14:03:26 [SHAKTI_BAZAAR] INFO  - HHH000204: Processing PersistenceUnitInfo [name: default]
2026-02-17 14:03:26 [SHAKTI_BAZAAR] INFO  - HHH000412: Hibernate ORM core version 7.1.8.Final
2026-02-17 14:03:27 [SHAKTI_BAZAAR] INFO  - No LoadTimeWeaver setup: ignoring JPA class transformer
2026-02-17 14:03:27 [SHAKTI_BAZAAR] INFO  - HikariPool-1 - Starting...
2026-02-17 14:03:27 [SHAKTI_BAZAAR] INFO  - HikariPool-1 - Added connection com.mysql.cj.jdbc.ConnectionImpl@765b421
2026-02-17 14:03:27 [SHAKTI_BAZAAR] INFO  - HikariPool-1 - Start completed.
2026-02-17 14:03:28 [SHAKTI_BAZAAR] WARN  - HHH90000025: MySQLDialect does not need to be specified explicitly using 'hibernate.dialect' (remove the property setting and it will be selected by default)
2026-02-17 14:03:28 [SHAKTI_BAZAAR] INFO  - HHH10001005: Database info:
	Database JDBC URL [jdbc:mysql://localhost:3306/Billing-Software?autoReconnect=true&useSSL=false&createDatabaseIfNotExist=true&allowPublicKeyRetrieval=true]
	Database driver: MySQL Connector/J
	Database dialect: MySQLDialect
	Database version: 8.0.41
	Default catalog/schema: Billing-Software/undefined
	Autocommit mode: undefined/unknown
	Isolation level: REPEATABLE_READ [default REPEATABLE_READ]
	JDBC fetch size: none
	Pool: DatasourceConnectionProviderImpl
	Minimum pool size: undefined/unknown
	Maximum pool size: undefined/unknown
2026-02-17 14:03:29 [SHAKTI_BAZAAR] INFO  - HHH000182: No default (no-argument) constructor for class [com.custom.Billing.Software.entity.User] (class must be instantiated by Interceptor)
2026-02-17 14:03:29 [SHAKTI_BAZAAR] INFO  - HHH000489: No JTA platform available (set 'hibernate.transaction.jta.platform' to enable JTA platform integration)
2026-02-17 14:03:29 [SHAKTI_BAZAAR] INFO  - HHH100501: Automatic JDBC statement batching enabled (maximum batch size 50)
2026-02-17 14:03:29 [SHAKTI_BAZAAR] INFO  - Initialized JPA EntityManagerFactory for persistence unit 'default'
2026-02-17 14:03:29 [SHAKTI_BAZAAR] INFO  - Hibernate is in classpath; If applicable, HQL parser will be used.
2026-02-17 14:03:31 [SHAKTI_BAZAAR] WARN  - spring.jpa.open-in-view is enabled by default. Therefore, database queries may be performed during view rendering. Explicitly configure spring.jpa.open-in-view to disable this warning
2026-02-17 14:03:31 [SHAKTI_BAZAAR] WARN  - 

Using generated security password: bf598f63-28fb-49be-8c0a-ac6c3ce78382

This generated password is for development use only. Your security configuration must be updated before running your application in production.

2026-02-17 14:03:31 [SHAKTI_BAZAAR] INFO  - Global AuthenticationManager configured with UserDetailsService bean with name inMemoryUserDetailsManager
2026-02-17 14:03:34 [SHAKTI_BAZAAR] INFO  - Starting ProtocolHandler ["http-nio-8082"]
2026-02-17 14:03:34 [SHAKTI_BAZAAR] INFO  - Tomcat started on port 8082 (http) with context path '/'
2026-02-17 14:03:34 [SHAKTI_BAZAAR] INFO  - Started BillingSoftwareApplication in 14.687 seconds (process running for 17.755)
2026-02-17 14:04:54 [SHAKTI_BAZAAR] INFO  - Initializing Spring DispatcherServlet 'dispatcherServlet'
2026-02-17 14:04:54 [SHAKTI_BAZAAR] INFO  - Initializing Servlet 'dispatcherServlet'
2026-02-17 14:04:54 [SHAKTI_BAZAAR] INFO  - Completed initialization in 4 ms
2026-02-17 14:04:55 [SHAKTI_BAZAAR] ERROR - [com.custom.Billing.Software.exception.GlobalExceptionHandler:handleGenericException:33] - Internal error: {} No static resource api/products/product/getByProductName for request '/api/products/product/getByProductName/'.: 
2026-02-17 14:04:55 [SHAKTI_BAZAAR] WARN  - Resolved [org.springframework.web.servlet.resource.NoResourceFoundException: No static resource api/products/product/getByProductName for request '/api/products/product/getByProductName/'.]
2026-02-17 14:05:14 [SHAKTI_BAZAAR] INFO  - [com.custom.Billing.Software.serviceimpl.ProductInventoryServiceImpl:getByProductName:124] - Searching product by productName: {} a: 
2026-02-17 14:05:19 [SHAKTI_BAZAAR] INFO  - [com.custom.Billing.Software.serviceimpl.ProductInventoryServiceImpl:getByProductName:124] - Searching product by productName: {} aa: 
2026-02-17 14:05:19 [SHAKTI_BAZAAR] ERROR - [com.custom.Billing.Software.serviceimpl.ProductInventoryServiceImpl:getByProductName:145] - Search error: {} null: 
2026-02-17 14:05:19 [SHAKTI_BAZAAR] ERROR - [com.custom.Billing.Software.exception.GlobalExceptionHandler:handleGenericException:33] - Internal error: {} null: 
2026-02-17 14:05:19 [SHAKTI_BAZAAR] WARN  - Resolved [com.custom.Billing.Software.exception.ProductNotFoundException]
2026-02-17 14:05:34 [SHAKTI_BAZAAR] INFO  - [com.custom.Billing.Software.serviceimpl.ProductInventoryServiceImpl:getByProductName:124] - Searching product by productName: {} ar: 
2026-02-17 14:20:04 [SHAKTI_BAZAAR] INFO  - [com.custom.Billing.Software.serviceimpl.ProductInventoryServiceImpl:createProduct:43] - Creating product: {} Sinarest: 
2026-02-17 14:20:04 [SHAKTI_BAZAAR] INFO  - [com.custom.Billing.Software.serviceimpl.ProductInventoryServiceImpl:createProduct:76] - Product saved with id {} 4: 
2026-02-17 14:21:03 [SHAKTI_BAZAAR] INFO  - [com.custom.Billing.Software.serviceimpl.ProductInventoryServiceImpl:getByProductName:124] - Searching product by productName: {} ar: 
2026-02-17 14:21:18 [SHAKTI_BAZAAR] INFO  - [com.custom.Billing.Software.serviceimpl.ProductInventoryServiceImpl:getByProductName:124] - Searching product by productName: {}   : 
2026-02-17 14:21:18 [SHAKTI_BAZAAR] ERROR - [com.custom.Billing.Software.serviceimpl.ProductInventoryServiceImpl:getByProductName:148] - Unexpected error during search: {} Search productName cannot be empty: 
2026-02-17 14:21:18 [SHAKTI_BAZAAR] ERROR - [com.custom.Billing.Software.exception.GlobalExceptionHandler:handleGenericException:33] - Internal error: {} Error while searching product: 
2026-02-17 14:21:18 [SHAKTI_BAZAAR] WARN  - Resolved [java.lang.RuntimeException: Error while searching product]
2026-02-17 14:23:13 [SHAKTI_BAZAAR] INFO  - [com.custom.Billing.Software.serviceimpl.ProductInventoryServiceImpl:getByProductName:124] - Searching product by productName: {} 35: 
2026-02-17 16:07:22 [SHAKTI_BAZAAR] WARN  - HikariPool-1 - Thread starvation or clock leap detected (housekeeper delta=1h43m18s992ms712µs200ns).
2026-02-17 16:49:45 [SHAKTI_BAZAAR] ERROR - [com.custom.Billing.Software.exception.GlobalExceptionHandler:handleGenericException:33] - Internal error: {} No static resource api/products/product for request '/api/products/product/'.: 
2026-02-17 16:49:45 [SHAKTI_BAZAAR] WARN  - Resolved [org.springframework.web.servlet.resource.NoResourceFoundException: No static resource api/products/product for request '/api/products/product/'.]
2026-02-17 16:54:36 [SHAKTI_BAZAAR] INFO  - Commencing graceful shutdown. Waiting for active requests to complete
2026-02-17 16:54:36 [SHAKTI_BAZAAR] INFO  - Graceful shutdown complete
2026-02-17 16:54:36 [SHAKTI_BAZAAR] INFO  - Closing JPA EntityManagerFactory for persistence unit 'default'
2026-02-17 16:54:36 [SHAKTI_BAZAAR] INFO  - HikariPool-1 - Shutdown initiated...
2026-02-17 16:54:36 [SHAKTI_BAZAAR] INFO  - HikariPool-1 - Shutdown completed.
2026-02-17 16:54:45 [SHAKTI_BAZAAR] INFO  - Starting BillingSoftwareApplication using Java 19.0.2 with PID 27752 (C:\Users\Admin\Downloads\Billing Software\Billing-Software\target\classes started by Admin in C:\Users\Admin\Downloads\Billing Software\Billing-Software)
2026-02-17 16:54:45 [SHAKTI_BAZAAR] INFO  - No active profile set, falling back to 1 default profile: "default"
2026-02-17 16:54:46 [SHAKTI_BAZAAR] INFO  - Devtools property defaults active! Set 'spring.devtools.add-properties' to 'false' to disable
2026-02-17 16:54:46 [SHAKTI_BAZAAR] INFO  - For additional web related logging consider setting the 'logging.level.web' property to 'DEBUG'
2026-02-17 16:54:48 [SHAKTI_BAZAAR] INFO  - Multiple Spring Data modules found, entering strict repository configuration mode
2026-02-17 16:54:48 [SHAKTI_BAZAAR] INFO  - Bootstrapping Spring Data JPA repositories in DEFAULT mode.
2026-02-17 16:54:48 [SHAKTI_BAZAAR] INFO  - Finished Spring Data repository scanning in 314 ms. Found 2 JPA repository interfaces.
2026-02-17 16:54:48 [SHAKTI_BAZAAR] INFO  - Multiple Spring Data modules found, entering strict repository configuration mode
2026-02-17 16:54:48 [SHAKTI_BAZAAR] INFO  - Bootstrapping Spring Data Redis repositories in DEFAULT mode.
2026-02-17 16:54:48 [SHAKTI_BAZAAR] INFO  - Spring Data Redis - Could not safely identify store assignment for repository candidate interface com.custom.Billing.Software.repository.ProductInventoryRepository; If you want this repository to be a Redis repository, consider annotating your entities with one of these annotations: org.springframework.data.redis.core.RedisHash (preferred), or consider extending one of the following types with your repository: org.springframework.data.keyvalue.repository.KeyValueRepository
2026-02-17 16:54:48 [SHAKTI_BAZAAR] INFO  - Spring Data Redis - Could not safely identify store assignment for repository candidate interface com.custom.Billing.Software.repository.UserRepository; If you want this repository to be a Redis repository, consider annotating your entities with one of these annotations: org.springframework.data.redis.core.RedisHash (preferred), or consider extending one of the following types with your repository: org.springframework.data.keyvalue.repository.KeyValueRepository
2026-02-17 16:54:48 [SHAKTI_BAZAAR] INFO  - Finished Spring Data repository scanning in 15 ms. Found 0 Redis repository interfaces.
2026-02-17 16:54:50 [SHAKTI_BAZAAR] INFO  - Tomcat initialized with port 8082 (http)
2026-02-17 16:54:50 [SHAKTI_BAZAAR] INFO  - Initializing ProtocolHandler ["http-nio-8082"]
2026-02-17 16:54:50 [SHAKTI_BAZAAR] INFO  - Starting service [Tomcat]
2026-02-17 16:54:50 [SHAKTI_BAZAAR] INFO  - Starting Servlet engine: [Apache Tomcat/11.0.14]
2026-02-17 16:54:50 [SHAKTI_BAZAAR] INFO  - Root WebApplicationContext: initialization completed in 4348 ms
2026-02-17 16:54:51 [SHAKTI_BAZAAR] INFO  - HHH000204: Processing PersistenceUnitInfo [name: default]
2026-02-17 16:54:51 [SHAKTI_BAZAAR] INFO  - HHH000412: Hibernate ORM core version 7.1.8.Final
2026-02-17 16:54:52 [SHAKTI_BAZAAR] INFO  - No LoadTimeWeaver setup: ignoring JPA class transformer
2026-02-17 16:54:52 [SHAKTI_BAZAAR] INFO  - HikariPool-1 - Starting...
2026-02-17 16:54:52 [SHAKTI_BAZAAR] INFO  - HikariPool-1 - Added connection com.mysql.cj.jdbc.ConnectionImpl@8bea49a
2026-02-17 16:54:52 [SHAKTI_BAZAAR] INFO  - HikariPool-1 - Start completed.
2026-02-17 16:54:52 [SHAKTI_BAZAAR] WARN  - HHH90000025: MySQLDialect does not need to be specified explicitly using 'hibernate.dialect' (remove the property setting and it will be selected by default)
2026-02-17 16:54:52 [SHAKTI_BAZAAR] INFO  - HHH10001005: Database info:
	Database JDBC URL [jdbc:mysql://localhost:3306/Billing-Software?autoReconnect=true&useSSL=false&createDatabaseIfNotExist=true&allowPublicKeyRetrieval=true]
	Database driver: MySQL Connector/J
	Database dialect: MySQLDialect
	Database version: 8.0.41
	Default catalog/schema: Billing-Software/undefined
	Autocommit mode: undefined/unknown
	Isolation level: REPEATABLE_READ [default REPEATABLE_READ]
	JDBC fetch size: none
	Pool: DatasourceConnectionProviderImpl
	Minimum pool size: undefined/unknown
	Maximum pool size: undefined/unknown
2026-02-17 16:54:53 [SHAKTI_BAZAAR] INFO  - HHH000182: No default (no-argument) constructor for class [com.custom.Billing.Software.entity.User] (class must be instantiated by Interceptor)
2026-02-17 16:54:54 [SHAKTI_BAZAAR] INFO  - HHH000489: No JTA platform available (set 'hibernate.transaction.jta.platform' to enable JTA platform integration)
2026-02-17 16:54:54 [SHAKTI_BAZAAR] INFO  - HHH100501: Automatic JDBC statement batching enabled (maximum batch size 50)
2026-02-17 16:54:54 [SHAKTI_BAZAAR] INFO  - Initialized JPA EntityManagerFactory for persistence unit 'default'
2026-02-17 16:54:54 [SHAKTI_BAZAAR] INFO  - Hibernate is in classpath; If applicable, HQL parser will be used.
2026-02-17 16:54:55 [SHAKTI_BAZAAR] WARN  - spring.jpa.open-in-view is enabled by default. Therefore, database queries may be performed during view rendering. Explicitly configure spring.jpa.open-in-view to disable this warning
2026-02-17 16:54:55 [SHAKTI_BAZAAR] WARN  - 

Using generated security password: e58586ba-6bcf-4e54-a460-e80ef8f0b588

This generated password is for development use only. Your security configuration must be updated before running your application in production.

2026-02-17 16:54:55 [SHAKTI_BAZAAR] INFO  - Global AuthenticationManager configured with UserDetailsService bean with name inMemoryUserDetailsManager
2026-02-17 16:54:57 [SHAKTI_BAZAAR] INFO  - Starting ProtocolHandler ["http-nio-8082"]
2026-02-17 16:54:58 [SHAKTI_BAZAAR] INFO  - Tomcat started on port 8082 (http) with context path '/'
2026-02-17 16:54:58 [SHAKTI_BAZAAR] INFO  - Started BillingSoftwareApplication in 13.754 seconds (process running for 15.417)
2026-02-17 16:55:52 [SHAKTI_BAZAAR] INFO  - Initializing Spring DispatcherServlet 'dispatcherServlet'
2026-02-17 16:55:52 [SHAKTI_BAZAAR] INFO  - Initializing Servlet 'dispatcherServlet'
2026-02-17 16:55:52 [SHAKTI_BAZAAR] INFO  - Completed initialization in 3 ms
2026-02-17 16:55:53 [SHAKTI_BAZAAR] INFO  - [com.custom.Billing.Software.serviceimpl.ProductInventoryServiceImpl:createProduct:43] - Creating product: {} cetrezine: 
2026-02-17 16:55:53 [SHAKTI_BAZAAR] INFO  - [com.custom.Billing.Software.serviceimpl.ProductInventoryServiceImpl:createProduct:76] - Product saved with id {} 5: 
2026-02-17 16:58:07 [SHAKTI_BAZAAR] INFO  - Commencing graceful shutdown. Waiting for active requests to complete
2026-02-17 16:58:07 [SHAKTI_BAZAAR] INFO  - Graceful shutdown complete
2026-02-17 16:58:07 [SHAKTI_BAZAAR] INFO  - Closing JPA EntityManagerFactory for persistence unit 'default'
2026-02-17 16:58:07 [SHAKTI_BAZAAR] INFO  - HikariPool-1 - Shutdown initiated...
2026-02-17 16:58:07 [SHAKTI_BAZAAR] INFO  - HikariPool-1 - Shutdown completed.
2026-02-17 16:58:17 [SHAKTI_BAZAAR] INFO  - Starting BillingSoftwareApplication using Java 19.0.2 with PID 22568 (C:\Users\Admin\Downloads\Billing Software\Billing-Software\target\classes started by Admin in C:\Users\Admin\Downloads\Billing Software\Billing-Software)
2026-02-17 16:58:17 [SHAKTI_BAZAAR] INFO  - No active profile set, falling back to 1 default profile: "default"
2026-02-17 16:58:17 [SHAKTI_BAZAAR] INFO  - Devtools property defaults active! Set 'spring.devtools.add-properties' to 'false' to disable
2026-02-17 16:58:17 [SHAKTI_BAZAAR] INFO  - For additional web related logging consider setting the 'logging.level.web' property to 'DEBUG'
2026-02-17 16:58:19 [SHAKTI_BAZAAR] INFO  - Multiple Spring Data modules found, entering strict repository configuration mode
2026-02-17 16:58:19 [SHAKTI_BAZAAR] INFO  - Bootstrapping Spring Data JPA repositories in DEFAULT mode.
2026-02-17 16:58:20 [SHAKTI_BAZAAR] INFO  - Finished Spring Data repository scanning in 310 ms. Found 2 JPA repository interfaces.
2026-02-17 16:58:20 [SHAKTI_BAZAAR] INFO  - Multiple Spring Data modules found, entering strict repository configuration mode
2026-02-17 16:58:20 [SHAKTI_BAZAAR] INFO  - Bootstrapping Spring Data Redis repositories in DEFAULT mode.
2026-02-17 16:58:20 [SHAKTI_BAZAAR] INFO  - Spring Data Redis - Could not safely identify store assignment for repository candidate interface com.custom.Billing.Software.repository.ProductInventoryRepository; If you want this repository to be a Redis repository, consider annotating your entities with one of these annotations: org.springframework.data.redis.core.RedisHash (preferred), or consider extending one of the following types with your repository: org.springframework.data.keyvalue.repository.KeyValueRepository
2026-02-17 16:58:20 [SHAKTI_BAZAAR] INFO  - Spring Data Redis - Could not safely identify store assignment for repository candidate interface com.custom.Billing.Software.repository.UserRepository; If you want this repository to be a Redis repository, consider annotating your entities with one of these annotations: org.springframework.data.redis.core.RedisHash (preferred), or consider extending one of the following types with your repository: org.springframework.data.keyvalue.repository.KeyValueRepository
2026-02-17 16:58:20 [SHAKTI_BAZAAR] INFO  - Finished Spring Data repository scanning in 20 ms. Found 0 Redis repository interfaces.
2026-02-17 16:58:21 [SHAKTI_BAZAAR] INFO  - Tomcat initialized with port 8082 (http)
2026-02-17 16:58:22 [SHAKTI_BAZAAR] INFO  - Initializing ProtocolHandler ["http-nio-8082"]
2026-02-17 16:58:22 [SHAKTI_BAZAAR] INFO  - Starting service [Tomcat]
2026-02-17 16:58:22 [SHAKTI_BAZAAR] INFO  - Starting Servlet engine: [Apache Tomcat/11.0.14]
2026-02-17 16:58:22 [SHAKTI_BAZAAR] INFO  - Root WebApplicationContext: initialization completed in 4195 ms
2026-02-17 16:58:22 [SHAKTI_BAZAAR] INFO  - HHH000204: Processing PersistenceUnitInfo [name: default]
2026-02-17 16:58:22 [SHAKTI_BAZAAR] INFO  - HHH000412: Hibernate ORM core version 7.1.8.Final
2026-02-17 16:58:23 [SHAKTI_BAZAAR] INFO  - No LoadTimeWeaver setup: ignoring JPA class transformer
2026-02-17 16:58:23 [SHAKTI_BAZAAR] INFO  - HikariPool-1 - Starting...
2026-02-17 16:58:24 [SHAKTI_BAZAAR] INFO  - HikariPool-1 - Added connection com.mysql.cj.jdbc.ConnectionImpl@1d9f8f5
2026-02-17 16:58:24 [SHAKTI_BAZAAR] INFO  - HikariPool-1 - Start completed.
2026-02-17 16:58:24 [SHAKTI_BAZAAR] WARN  - HHH90000025: MySQLDialect does not need to be specified explicitly using 'hibernate.dialect' (remove the property setting and it will be selected by default)
2026-02-17 16:58:24 [SHAKTI_BAZAAR] INFO  - HHH10001005: Database info:
	Database JDBC URL [jdbc:mysql://localhost:3306/Billing-Software?autoReconnect=true&useSSL=false&createDatabaseIfNotExist=true&allowPublicKeyRetrieval=true]
	Database driver: MySQL Connector/J
	Database dialect: MySQLDialect
	Database version: 8.0.41
	Default catalog/schema: Billing-Software/undefined
	Autocommit mode: undefined/unknown
	Isolation level: REPEATABLE_READ [default REPEATABLE_READ]
	JDBC fetch size: none
	Pool: DatasourceConnectionProviderImpl
	Minimum pool size: undefined/unknown
	Maximum pool size: undefined/unknown
2026-02-17 16:58:25 [SHAKTI_BAZAAR] INFO  - HHH000182: No default (no-argument) constructor for class [com.custom.Billing.Software.entity.User] (class must be instantiated by Interceptor)
2026-02-17 16:58:25 [SHAKTI_BAZAAR] INFO  - HHH000489: No JTA platform available (set 'hibernate.transaction.jta.platform' to enable JTA platform integration)
2026-02-17 16:58:25 [SHAKTI_BAZAAR] INFO  - HHH100501: Automatic JDBC statement batching enabled (maximum batch size 50)
2026-02-17 16:58:25 [SHAKTI_BAZAAR] INFO  - Initialized JPA EntityManagerFactory for persistence unit 'default'
2026-02-17 16:58:25 [SHAKTI_BAZAAR] INFO  - Hibernate is in classpath; If applicable, HQL parser will be used.
2026-02-17 16:58:27 [SHAKTI_BAZAAR] WARN  - spring.jpa.open-in-view is enabled by default. Therefore, database queries may be performed during view rendering. Explicitly configure spring.jpa.open-in-view to disable this warning
2026-02-17 16:58:28 [SHAKTI_BAZAAR] WARN  - 

Using generated security password: e0ba0e76-7ba3-460d-9f6c-1b30b3be10dc

This generated password is for development use only. Your security configuration must be updated before running your application in production.

2026-02-17 16:58:28 [SHAKTI_BAZAAR] INFO  - Global AuthenticationManager configured with UserDetailsService bean with name inMemoryUserDetailsManager
2026-02-17 16:58:30 [SHAKTI_BAZAAR] INFO  - Starting ProtocolHandler ["http-nio-8082"]
2026-02-17 16:58:30 [SHAKTI_BAZAAR] INFO  - Tomcat started on port 8082 (http) with context path '/'
2026-02-17 16:58:30 [SHAKTI_BAZAAR] INFO  - Started BillingSoftwareApplication in 13.801 seconds (process running for 15.11)
2026-02-17 17:08:46 [SHAKTI_BAZAAR] INFO  - Initializing Spring DispatcherServlet 'dispatcherServlet'
2026-02-17 17:08:46 [SHAKTI_BAZAAR] INFO  - Initializing Servlet 'dispatcherServlet'
2026-02-17 17:08:46 [SHAKTI_BAZAAR] INFO  - Completed initialization in 2 ms
2026-02-17 17:11:35 [SHAKTI_BAZAAR] ERROR - [com.custom.Billing.Software.exception.GlobalExceptionHandler:handleGenericException:33] - Internal error: {} No static resource api/products/product for request '/api/products/product/'.: 
2026-02-17 17:11:35 [SHAKTI_BAZAAR] WARN  - Resolved [org.springframework.web.servlet.resource.NoResourceFoundException: No static resource api/products/product for request '/api/products/product/'.]
2026-02-17 17:15:34 [SHAKTI_BAZAAR] INFO  - [com.custom.Billing.Software.serviceimpl.ProductInventoryServiceImpl:getByProductName:124] - Searching product by productName: {} z: 
2026-02-17 17:21:12 [SHAKTI_BAZAAR] ERROR - [com.custom.Billing.Software.exception.GlobalExceptionHandler:handleGenericException:33] - Internal error: {} No static resource api/products/product/updateById/2 for request '/api/products/product/updateById/2'.: 
2026-02-17 17:21:12 [SHAKTI_BAZAAR] WARN  - Resolved [org.springframework.web.servlet.resource.NoResourceFoundException: No static resource api/products/product/updateById/2 for request '/api/products/product/updateById/2'.]
2026-02-17 17:21:18 [SHAKTI_BAZAAR] INFO  - Commencing graceful shutdown. Waiting for active requests to complete
2026-02-17 17:21:18 [SHAKTI_BAZAAR] INFO  - Graceful shutdown complete
2026-02-17 17:21:18 [SHAKTI_BAZAAR] INFO  - Closing JPA EntityManagerFactory for persistence unit 'default'
2026-02-17 17:21:18 [SHAKTI_BAZAAR] INFO  - HikariPool-1 - Shutdown initiated...
2026-02-17 17:21:18 [SHAKTI_BAZAAR] INFO  - HikariPool-1 - Shutdown completed.
2026-02-17 17:21:25 [SHAKTI_BAZAAR] INFO  - Starting BillingSoftwareApplication using Java 19.0.2 with PID 1496 (C:\Users\Admin\Downloads\Billing Software\Billing-Software\target\classes started by Admin in C:\Users\Admin\Downloads\Billing Software\Billing-Software)
2026-02-17 17:21:25 [SHAKTI_BAZAAR] INFO  - No active profile set, falling back to 1 default profile: "default"
2026-02-17 17:21:25 [SHAKTI_BAZAAR] INFO  - Devtools property defaults active! Set 'spring.devtools.add-properties' to 'false' to disable
2026-02-17 17:21:25 [SHAKTI_BAZAAR] INFO  - For additional web related logging consider setting the 'logging.level.web' property to 'DEBUG'
2026-02-17 17:21:29 [SHAKTI_BAZAAR] INFO  - Multiple Spring Data modules found, entering strict repository configuration mode
2026-02-17 17:21:29 [SHAKTI_BAZAAR] INFO  - Bootstrapping Spring Data JPA repositories in DEFAULT mode.
2026-02-17 17:21:30 [SHAKTI_BAZAAR] INFO  - Finished Spring Data repository scanning in 657 ms. Found 2 JPA repository interfaces.
2026-02-17 17:21:30 [SHAKTI_BAZAAR] INFO  - Multiple Spring Data modules found, entering strict repository configuration mode
2026-02-17 17:21:30 [SHAKTI_BAZAAR] INFO  - Bootstrapping Spring Data Redis repositories in DEFAULT mode.
2026-02-17 17:21:30 [SHAKTI_BAZAAR] INFO  - Spring Data Redis - Could not safely identify store assignment for repository candidate interface com.custom.Billing.Software.repository.ProductInventoryRepository; If you want this repository to be a Redis repository, consider annotating your entities with one of these annotations: org.springframework.data.redis.core.RedisHash (preferred), or consider extending one of the following types with your repository: org.springframework.data.keyvalue.repository.KeyValueRepository
2026-02-17 17:21:30 [SHAKTI_BAZAAR] INFO  - Spring Data Redis - Could not safely identify store assignment for repository candidate interface com.custom.Billing.Software.repository.UserRepository; If you want this repository to be a Redis repository, consider annotating your entities with one of these annotations: org.springframework.data.redis.core.RedisHash (preferred), or consider extending one of the following types with your repository: org.springframework.data.keyvalue.repository.KeyValueRepository
2026-02-17 17:21:30 [SHAKTI_BAZAAR] INFO  - Finished Spring Data repository scanning in 37 ms. Found 0 Redis repository interfaces.
2026-02-17 17:21:33 [SHAKTI_BAZAAR] INFO  - Tomcat initialized with port 8082 (http)
2026-02-17 17:21:33 [SHAKTI_BAZAAR] INFO  - Initializing ProtocolHandler ["http-nio-8082"]
2026-02-17 17:21:33 [SHAKTI_BAZAAR] INFO  - Starting service [Tomcat]
2026-02-17 17:21:33 [SHAKTI_BAZAAR] INFO  - Starting Servlet engine: [Apache Tomcat/11.0.14]
2026-02-17 17:21:33 [SHAKTI_BAZAAR] INFO  - Root WebApplicationContext: initialization completed in 7779 ms
2026-02-17 17:21:34 [SHAKTI_BAZAAR] INFO  - HHH000204: Processing PersistenceUnitInfo [name: default]
2026-02-17 17:21:34 [SHAKTI_BAZAAR] INFO  - HHH000412: Hibernate ORM core version 7.1.8.Final
2026-02-17 17:21:36 [SHAKTI_BAZAAR] INFO  - No LoadTimeWeaver setup: ignoring JPA class transformer
2026-02-17 17:21:36 [SHAKTI_BAZAAR] INFO  - HikariPool-1 - Starting...
2026-02-17 17:21:36 [SHAKTI_BAZAAR] INFO  - HikariPool-1 - Added connection com.mysql.cj.jdbc.ConnectionImpl@765b421
2026-02-17 17:21:37 [SHAKTI_BAZAAR] INFO  - HikariPool-1 - Start completed.
2026-02-17 17:21:37 [SHAKTI_BAZAAR] WARN  - HHH90000025: MySQLDialect does not need to be specified explicitly using 'hibernate.dialect' (remove the property setting and it will be selected by default)
2026-02-17 17:21:37 [SHAKTI_BAZAAR] INFO  - HHH10001005: Database info:
	Database JDBC URL [jdbc:mysql://localhost:3306/Billing-Software?autoReconnect=true&useSSL=false&createDatabaseIfNotExist=true&allowPublicKeyRetrieval=true]
	Database driver: MySQL Connector/J
	Database dialect: MySQLDialect
	Database version: 8.0.41
	Default catalog/schema: Billing-Software/undefined
	Autocommit mode: undefined/unknown
	Isolation level: REPEATABLE_READ [default REPEATABLE_READ]
	JDBC fetch size: none
	Pool: DatasourceConnectionProviderImpl
	Minimum pool size: undefined/unknown
	Maximum pool size: undefined/unknown
2026-02-17 17:21:39 [SHAKTI_BAZAAR] INFO  - HHH000182: No default (no-argument) constructor for class [com.custom.Billing.Software.entity.User] (class must be instantiated by Interceptor)
2026-02-17 17:21:39 [SHAKTI_BAZAAR] INFO  - HHH000489: No JTA platform available (set 'hibernate.transaction.jta.platform' to enable JTA platform integration)
2026-02-17 17:21:39 [SHAKTI_BAZAAR] INFO  - HHH100501: Automatic JDBC statement batching enabled (maximum batch size 50)
2026-02-17 17:21:39 [SHAKTI_BAZAAR] INFO  - Initialized JPA EntityManagerFactory for persistence unit 'default'
2026-02-17 17:21:40 [SHAKTI_BAZAAR] INFO  - Hibernate is in classpath; If applicable, HQL parser will be used.
2026-02-17 17:21:43 [SHAKTI_BAZAAR] WARN  - spring.jpa.open-in-view is enabled by default. Therefore, database queries may be performed during view rendering. Explicitly configure spring.jpa.open-in-view to disable this warning
2026-02-17 17:21:43 [SHAKTI_BAZAAR] WARN  - 

Using generated security password: 51514d28-b141-4b26-a5bf-48dbcfa7cd46

This generated password is for development use only. Your security configuration must be updated before running your application in production.

2026-02-17 17:21:43 [SHAKTI_BAZAAR] INFO  - Global AuthenticationManager configured with UserDetailsService bean with name inMemoryUserDetailsManager
2026-02-17 17:21:45 [SHAKTI_BAZAAR] INFO  - Starting ProtocolHandler ["http-nio-8082"]
2026-02-17 17:21:45 [SHAKTI_BAZAAR] INFO  - Tomcat started on port 8082 (http) with context path '/'
2026-02-17 17:21:45 [SHAKTI_BAZAAR] INFO  - Started BillingSoftwareApplication in 21.819 seconds (process running for 22.487)
2026-02-17 17:21:49 [SHAKTI_BAZAAR] INFO  - Initializing Spring DispatcherServlet 'dispatcherServlet'
2026-02-17 17:21:49 [SHAKTI_BAZAAR] INFO  - Initializing Servlet 'dispatcherServlet'
2026-02-17 17:21:49 [SHAKTI_BAZAAR] INFO  - Completed initialization in 2 ms
2026-02-17 17:22:43 [SHAKTI_BAZAAR] WARN  - Creation of SecureRandom instance for session ID generation using [SHA1PRNG] took [107] milliseconds.
