2026-02-15 15:38:53 [SHAKTI_BAZAAR] INFO  - Starting BillingSoftwareApplication using Java 19.0.2 with PID 26564 (C:\Users\Admin\Downloads\Billing Software\Billing-Software\target\classes started by Admin in C:\Users\Admin\Downloads\Billing Software\Billing-Software)
2026-02-15 15:38:53 [SHAKTI_BAZAAR] INFO  - No active profile set, falling back to 1 default profile: "default"
2026-02-15 15:38:53 [SHAKTI_BAZAAR] INFO  - Devtools property defaults active! Set 'spring.devtools.add-properties' to 'false' to disable
2026-02-15 15:38:53 [SHAKTI_BAZAAR] INFO  - For additional web related logging consider setting the 'logging.level.web' property to 'DEBUG'
2026-02-15 15:38:55 [SHAKTI_BAZAAR] INFO  - Bootstrapping Spring Data JPA repositories in DEFAULT mode.
2026-02-15 15:38:55 [SHAKTI_BAZAAR] INFO  - Finished Spring Data repository scanning in 104 ms. Found 1 JPA repository interface.
2026-02-15 15:38:56 [SHAKTI_BAZAAR] INFO  - Tomcat initialized with port 8082 (http)
2026-02-15 15:38:56 [SHAKTI_BAZAAR] INFO  - Initializing ProtocolHandler ["http-nio-8082"]
2026-02-15 15:38:56 [SHAKTI_BAZAAR] INFO  - Starting service [Tomcat]
2026-02-15 15:38:56 [SHAKTI_BAZAAR] INFO  - Starting Servlet engine: [Apache Tomcat/11.0.14]
2026-02-15 15:38:57 [SHAKTI_BAZAAR] INFO  - Root WebApplicationContext: initialization completed in 3472 ms
2026-02-15 15:38:57 [SHAKTI_BAZAAR] WARN  - Exception encountered during context initialization - cancelling refresh attempt: org.springframework.beans.factory.BeanCreationException: Error creating bean with name 'entityManagerFactory' defined in class path resource [org/springframework/boot/hibernate/autoconfigure/HibernateJpaConfiguration.class]: Failed to initialize dependency 'inMemoryDatabaseShutdownExecutor' of LoadTimeWeaverAware bean 'entityManagerFactory': Error creating bean with name 'inMemoryDatabaseShutdownExecutor' defined in class path resource [org/springframework/boot/devtools/autoconfigure/DevToolsDataSourceAutoConfiguration.class]: Unsatisfied dependency expressed through method 'inMemoryDatabaseShutdownExecutor' parameter 0: Error creating bean with name 'dataSource' defined in class path resource [org/springframework/boot/jdbc/autoconfigure/DataSourceConfiguration$Hikari.class]: Failed to instantiate [com.zaxxer.hikari.HikariDataSource]: Factory method 'dataSource' threw exception with message: Cannot load driver class: com.mysql.cj.jdbc.Driver
2026-02-15 15:38:57 [SHAKTI_BAZAAR] INFO  - Stopping service [Tomcat]
2026-02-15 15:38:57 [SHAKTI_BAZAAR] INFO  - 

Error starting ApplicationContext. To display the condition evaluation report re-run your application with 'debug' enabled.
2026-02-15 15:38:57 [SHAKTI_BAZAAR] ERROR - Application run failed
org.springframework.beans.factory.BeanCreationException: Error creating bean with name 'entityManagerFactory' defined in class path resource [org/springframework/boot/hibernate/autoconfigure/HibernateJpaConfiguration.class]: Failed to initialize dependency 'inMemoryDatabaseShutdownExecutor' of LoadTimeWeaverAware bean 'entityManagerFactory': Error creating bean with name 'inMemoryDatabaseShutdownExecutor' defined in class path resource [org/springframework/boot/devtools/autoconfigure/DevToolsDataSourceAutoConfiguration.class]: Unsatisfied dependency expressed through method 'inMemoryDatabaseShutdownExecutor' parameter 0: Error creating bean with name 'dataSource' defined in class path resource [org/springframework/boot/jdbc/autoconfigure/DataSourceConfiguration$Hikari.class]: Failed to instantiate [com.zaxxer.hikari.HikariDataSource]: Factory method 'dataSource' threw exception with message: Cannot load driver class: com.mysql.cj.jdbc.Driver
	at org.springframework.beans.factory.support.AbstractBeanFactory.doGetBean(AbstractBeanFactory.java:322)
	at org.springframework.beans.factory.support.AbstractBeanFactory.getBean(AbstractBeanFactory.java:201)
	at org.springframework.context.support.AbstractApplicationContext.finishBeanFactoryInitialization(AbstractApplicationContext.java:966)
	at org.springframework.context.support.AbstractApplicationContext.refresh(AbstractApplicationContext.java:620)
	at org.springframework.boot.web.server.servlet.context.ServletWebServerApplicationContext.refresh(ServletWebServerApplicationContext.java:143)
	at org.springframework.boot.SpringApplication.refresh(SpringApplication.java:765)
	at org.springframework.boot.SpringApplication.refreshContext(SpringApplication.java:454)
	at org.springframework.boot.SpringApplication.run(SpringApplication.java:321)
	at org.springframework.boot.SpringApplication.run(SpringApplication.java:1374)
	at org.springframework.boot.SpringApplication.run(SpringApplication.java:1363)
	at com.custom.Billing.Software.BillingSoftwareApplication.main(BillingSoftwareApplication.java:10)
	at java.base/jdk.internal.reflect.DirectMethodHandleAccessor.invoke(DirectMethodHandleAccessor.java:104)
	at java.base/java.lang.reflect.Method.invoke(Method.java:578)
	at org.springframework.boot.devtools.restart.RestartLauncher.run(RestartLauncher.java:52)
Caused by: org.springframework.beans.factory.UnsatisfiedDependencyException: Error creating bean with name 'inMemoryDatabaseShutdownExecutor' defined in class path resource [org/springframework/boot/devtools/autoconfigure/DevToolsDataSourceAutoConfiguration.class]: Unsatisfied dependency expressed through method 'inMemoryDatabaseShutdownExecutor' parameter 0: Error creating bean with name 'dataSource' defined in class path resource [org/springframework/boot/jdbc/autoconfigure/DataSourceConfiguration$Hikari.class]: Failed to instantiate [com.zaxxer.hikari.HikariDataSource]: Factory method 'dataSource' threw exception with message: Cannot load driver class: com.mysql.cj.jdbc.Driver
	at org.springframework.beans.factory.support.ConstructorResolver.createArgumentArray(ConstructorResolver.java:804)
	at org.springframework.beans.factory.support.ConstructorResolver.instantiateUsingFactoryMethod(ConstructorResolver.java:546)
	at org.springframework.beans.factory.support.AbstractAutowireCapableBeanFactory.instantiateUsingFactoryMethod(AbstractAutowireCapableBeanFactory.java:1362)
	at org.springframework.beans.factory.support.AbstractAutowireCapableBeanFactory.createBeanInstance(AbstractAutowireCapableBeanFactory.java:1194)
	at org.springframework.beans.factory.support.AbstractAutowireCapableBeanFactory.doCreateBean(AbstractAutowireCapableBeanFactory.java:565)
	at org.springframework.beans.factory.support.AbstractAutowireCapableBeanFactory.createBean(AbstractAutowireCapableBeanFactory.java:525)
	at org.springframework.beans.factory.support.AbstractBeanFactory.lambda$doGetBean$0(AbstractBeanFactory.java:333)
	at org.springframework.beans.factory.support.DefaultSingletonBeanRegistry.getSingleton(DefaultSingletonBeanRegistry.java:371)
	at org.springframework.beans.factory.support.AbstractBeanFactory.doGetBean(AbstractBeanFactory.java:331)
	at org.springframework.beans.factory.support.AbstractBeanFactory.getBean(AbstractBeanFactory.java:196)
	at org.springframework.beans.factory.support.AbstractBeanFactory.doGetBean(AbstractBeanFactory.java:309)
	... 13 common frames omitted
Caused by: org.springframework.beans.factory.BeanCreationException: Error creating bean with name 'dataSource' defined in class path resource [org/springframework/boot/jdbc/autoconfigure/DataSourceConfiguration$Hikari.class]: Failed to instantiate [com.zaxxer.hikari.HikariDataSource]: Factory method 'dataSource' threw exception with message: Cannot load driver class: com.mysql.cj.jdbc.Driver
	at org.springframework.beans.factory.support.ConstructorResolver.instantiate(ConstructorResolver.java:657)
	at org.springframework.beans.factory.support.ConstructorResolver.instantiateUsingFactoryMethod(ConstructorResolver.java:645)
	at org.springframework.beans.factory.support.AbstractAutowireCapableBeanFactory.instantiateUsingFactoryMethod(AbstractAutowireCapableBeanFactory.java:1362)
	at org.springframework.beans.factory.support.AbstractAutowireCapableBeanFactory.createBeanInstance(AbstractAutowireCapableBeanFactory.java:1194)
	at org.springframework.beans.factory.support.AbstractAutowireCapableBeanFactory.doCreateBean(AbstractAutowireCapableBeanFactory.java:565)
	at org.springframework.beans.factory.support.AbstractAutowireCapableBeanFactory.createBean(AbstractAutowireCapableBeanFactory.java:525)
	at org.springframework.beans.factory.support.AbstractBeanFactory.lambda$doGetBean$0(AbstractBeanFactory.java:333)
	at org.springframework.beans.factory.support.DefaultSingletonBeanRegistry.getSingleton(DefaultSingletonBeanRegistry.java:371)
	at org.springframework.beans.factory.support.AbstractBeanFactory.doGetBean(AbstractBeanFactory.java:331)
	at org.springframework.beans.factory.support.AbstractBeanFactory.getBean(AbstractBeanFactory.java:201)
	at org.springframework.beans.factory.support.DefaultListableBeanFactory.resolveBean(DefaultListableBeanFactory.java:1225)
	at org.springframework.beans.factory.support.DefaultListableBeanFactory.doResolveDependency(DefaultListableBeanFactory.java:1704)
	at org.springframework.beans.factory.support.DefaultListableBeanFactory.resolveDependency(DefaultListableBeanFactory.java:1651)
	at org.springframework.beans.factory.support.ConstructorResolver.resolveAutowiredArgument(ConstructorResolver.java:912)
	at org.springframework.beans.factory.support.ConstructorResolver.createArgumentArray(ConstructorResolver.java:791)
	... 23 common frames omitted
Caused by: org.springframework.beans.BeanInstantiationException: Failed to instantiate [com.zaxxer.hikari.HikariDataSource]: Factory method 'dataSource' threw exception with message: Cannot load driver class: com.mysql.cj.jdbc.Driver
	at org.springframework.beans.factory.support.SimpleInstantiationStrategy.lambda$instantiate$0(SimpleInstantiationStrategy.java:183)
	at org.springframework.beans.factory.support.SimpleInstantiationStrategy.instantiateWithFactoryMethod(SimpleInstantiationStrategy.java:72)
	at org.springframework.beans.factory.support.SimpleInstantiationStrategy.instantiate(SimpleInstantiationStrategy.java:152)
	at org.springframework.beans.factory.support.ConstructorResolver.instantiate(ConstructorResolver.java:653)
	... 37 common frames omitted
Caused by: java.lang.IllegalStateException: Cannot load driver class: com.mysql.cj.jdbc.Driver
	at org.springframework.util.Assert.state(Assert.java:102)
	at org.springframework.boot.jdbc.autoconfigure.DataSourceProperties.findDriverClassName(DataSourceProperties.java:187)
	at org.springframework.boot.jdbc.autoconfigure.DataSourceProperties.determineDriverClassName(DataSourceProperties.java:177)
	at org.springframework.boot.jdbc.autoconfigure.PropertiesJdbcConnectionDetails.getDriverClassName(PropertiesJdbcConnectionDetails.java:51)
	at org.springframework.boot.jdbc.autoconfigure.DataSourceConfiguration.createDataSource(DataSourceConfiguration.java:63)
	at org.springframework.boot.jdbc.autoconfigure.DataSourceConfiguration$Hikari.dataSource(DataSourceConfiguration.java:128)
	at java.base/jdk.internal.reflect.DirectMethodHandleAccessor.invoke(DirectMethodHandleAccessor.java:104)
	at java.base/java.lang.reflect.Method.invoke(Method.java:578)
	at org.springframework.beans.factory.support.SimpleInstantiationStrategy.lambda$instantiate$0(SimpleInstantiationStrategy.java:155)
	... 40 common frames omitted
2026-02-15 19:10:39 [SHAKTI_BAZAAR] INFO  - Starting BillingSoftwareApplication using Java 19.0.2 with PID 16096 (C:\Users\Admin\Downloads\Billing Software\Billing-Software\target\classes started by Admin in C:\Users\Admin\Downloads\Billing Software\Billing-Software)
2026-02-15 19:10:39 [SHAKTI_BAZAAR] INFO  - No active profile set, falling back to 1 default profile: "default"
2026-02-15 19:10:39 [SHAKTI_BAZAAR] INFO  - Devtools property defaults active! Set 'spring.devtools.add-properties' to 'false' to disable
2026-02-15 19:10:39 [SHAKTI_BAZAAR] INFO  - For additional web related logging consider setting the 'logging.level.web' property to 'DEBUG'
2026-02-15 19:10:40 [SHAKTI_BAZAAR] INFO  - Bootstrapping Spring Data JPA repositories in DEFAULT mode.
2026-02-15 19:10:40 [SHAKTI_BAZAAR] INFO  - Finished Spring Data repository scanning in 50 ms. Found 1 JPA repository interface.
2026-02-15 19:10:41 [SHAKTI_BAZAAR] INFO  - Tomcat initialized with port 8082 (http)
2026-02-15 19:10:41 [SHAKTI_BAZAAR] INFO  - Initializing ProtocolHandler ["http-nio-8082"]
2026-02-15 19:10:41 [SHAKTI_BAZAAR] INFO  - Starting service [Tomcat]
2026-02-15 19:10:41 [SHAKTI_BAZAAR] INFO  - Starting Servlet engine: [Apache Tomcat/11.0.14]
2026-02-15 19:10:41 [SHAKTI_BAZAAR] INFO  - Root WebApplicationContext: initialization completed in 1622 ms
2026-02-15 19:10:41 [SHAKTI_BAZAAR] INFO  - HHH000204: Processing PersistenceUnitInfo [name: default]
2026-02-15 19:10:41 [SHAKTI_BAZAAR] INFO  - HHH000412: Hibernate ORM core version 7.1.8.Final
2026-02-15 19:10:42 [SHAKTI_BAZAAR] INFO  - No LoadTimeWeaver setup: ignoring JPA class transformer
2026-02-15 19:10:42 [SHAKTI_BAZAAR] INFO  - HikariPool-1 - Starting...
2026-02-15 19:10:42 [SHAKTI_BAZAAR] INFO  - HikariPool-1 - Added connection com.mysql.cj.jdbc.ConnectionImpl@1831a5c1
2026-02-15 19:10:42 [SHAKTI_BAZAAR] INFO  - HikariPool-1 - Start completed.
2026-02-15 19:10:42 [SHAKTI_BAZAAR] WARN  - HHH90000025: MySQLDialect does not need to be specified explicitly using 'hibernate.dialect' (remove the property setting and it will be selected by default)
2026-02-15 19:10:42 [SHAKTI_BAZAAR] INFO  - HHH10001005: Database info:
	Database JDBC URL [jdbc:mysql://localhost:3306/Billing-Software?autoReconnect=true&useSSL=false&createDatabaseIfNotExist=true&allowPublicKeyRetrieval=true]
	Database driver: MySQL Connector/J
	Database dialect: MySQLDialect
	Database version: 8.0.41
	Default catalog/schema: Billing-Software/undefined
	Autocommit mode: undefined/unknown
	Isolation level: REPEATABLE_READ [default REPEATABLE_READ]
	JDBC fetch size: none
	Pool: DatasourceConnectionProviderImpl
	Minimum pool size: undefined/unknown
	Maximum pool size: undefined/unknown
2026-02-15 19:10:43 [SHAKTI_BAZAAR] INFO  - HHH000182: No default (no-argument) constructor for class [com.custom.Billing.Software.entity.User] (class must be instantiated by Interceptor)
2026-02-15 19:10:43 [SHAKTI_BAZAAR] INFO  - HHH000489: No JTA platform available (set 'hibernate.transaction.jta.platform' to enable JTA platform integration)
2026-02-15 19:10:43 [SHAKTI_BAZAAR] INFO  - HHH100501: Automatic JDBC statement batching enabled (maximum batch size 50)
2026-02-15 19:10:43 [SHAKTI_BAZAAR] INFO  - Initialized JPA EntityManagerFactory for persistence unit 'default'
2026-02-15 19:10:43 [SHAKTI_BAZAAR] INFO  - Hibernate is in classpath; If applicable, HQL parser will be used.
2026-02-15 19:10:44 [SHAKTI_BAZAAR] WARN  - spring.jpa.open-in-view is enabled by default. Therefore, database queries may be performed during view rendering. Explicitly configure spring.jpa.open-in-view to disable this warning
2026-02-15 19:10:44 [SHAKTI_BAZAAR] WARN  - 

Using generated security password: 1f00ea0d-8025-4c5d-94b0-c10dbcbe6b29

This generated password is for development use only. Your security configuration must be updated before running your application in production.

2026-02-15 19:10:44 [SHAKTI_BAZAAR] INFO  - Global AuthenticationManager configured with UserDetailsService bean with name inMemoryUserDetailsManager
2026-02-15 19:10:44 [SHAKTI_BAZAAR] INFO  - Starting ProtocolHandler ["http-nio-8082"]
2026-02-15 19:10:44 [SHAKTI_BAZAAR] INFO  - Tomcat started on port 8082 (http) with context path '/'
2026-02-15 19:10:44 [SHAKTI_BAZAAR] INFO  - Started BillingSoftwareApplication in 6.013 seconds (process running for 6.843)
2026-02-15 23:21:04 [SHAKTI_BAZAAR] WARN  - HikariPool-1 - Thread starvation or clock leap detected (housekeeper delta=28m17s890ms814µs400ns).
